Fri Apr 26 04:14:37 GMT 2024
Package: package_1713445260979.awf
Install
Write Revision: 17280
----------------Plugins----------------
   jd/plugins/decrypter/MixCloudComCrawler.class
   jd/plugins/decrypter/WebArchiveOrg.class
   jd/plugins/decrypter/XvideosComProfile.class
   jd/plugins/hoster/BeegCom.class
   jd/plugins/hoster/DarkiboxCom.class
   jd/plugins/hoster/DepositFiles.class
   jd/plugins/hoster/FilemoonSx.class
   jd/plugins/hoster/KernelVideoSharingComV2HostsDefault2.class
   jd/plugins/hoster/MixCloudCom.class
   jd/plugins/hoster/XvideosCom.class
   jd/plugins/hoster/XvideosCore$2.class
   jd/plugins/hoster/XvideosCore.class
----------------Extensions----------------
----------------Direct Files----------------
   build.json
----------------Core Files----------------
   JD: libs/JDUtils.jar/jd/nutils/encoding/Encoding.class
   libs/JDUtils.jar
Package: package_1713452453518.awf
Install
Write Revision: 17281
----------------Plugins----------------
   jd/plugins/decrypter/ArchiveOrgCrawler.class
   jd/plugins/hoster/DarkiboxCom.class
   jd/plugins/hoster/KernelVideoSharingComV2.class
   jd/plugins/hoster/ManyvidsCom$1.class
   jd/plugins/hoster/ManyvidsCom.class
----------------Extensions----------------
----------------Direct Files----------------
   build.json
----------------Core Files----------------
Package: package_1713463251910.awf
Install
Write Revision: 17282
----------------Plugins----------------
   jd/plugins/decrypter/ArchiveOrgCrawler.class
   jd/plugins/decrypter/MultiupOrgCrawler.class
   jd/plugins/decrypter/WebArchiveOrg.class
   jd/plugins/hoster/FileJokerNet.class
   jd/plugins/hoster/ManyvidsCom$1.class
   jd/plugins/hoster/ManyvidsCom.class
   jd/plugins/hoster/NovaFileCom$1.class
   jd/plugins/hoster/NovaFileCom.class
----------------Extensions----------------
----------------Direct Files----------------
   build.json
----------------Core Files----------------
Package: package_1713470452076.awf
Install
Write Revision: 17284
----------------Plugins----------------
   jd/plugins/decrypter/RedditComCrawler$1.class
   jd/plugins/decrypter/RedditComCrawler.class
   jd/plugins/decrypter/TumblrComDecrypter.class
   jd/plugins/hoster/FileJokerNet.class
   jd/plugins/hoster/RedditCom$1.class
   jd/plugins/hoster/RedditCom$2.class
   jd/plugins/hoster/RedditCom.class
----------------Extensions----------------
----------------Direct Files----------------
   build.json
----------------Core Files----------------
Package: package_1713538853698.awf
Install
Write Revision: 17285
----------------Plugins----------------
   jd/plugins/hoster/FilelionsTo.class.removed
   jd/plugins/hoster/RapidGatorNet.class
   jd/plugins/hoster/VidhideCom.class
----------------Extensions----------------
----------------Direct Files----------------
   build.json
----------------Core Files----------------
Package: package_1713542454281.awf
Install
Write Revision: 17286
----------------Plugins----------------
   jd/plugins/decrypter/ArchiveOrgCrawler.class
   jd/plugins/decrypter/BiqleRuCrawler.class
   jd/plugins/decrypter/GenericAutoContainer.class
   jd/plugins/decrypter/GenericHTTPDirectoryIndexCrawler$1.class
   jd/plugins/decrypter/GenericHTTPDirectoryIndexCrawler.class
   jd/plugins/decrypter/GenericNZBDecrypter.class
   jd/plugins/hoster/RapidGatorNet.class
----------------Extensions----------------
----------------Direct Files----------------
   build.json
----------------Core Files----------------
   Core.jar
   JD: Core.jar/jd/plugins/PluginBrowser.class
   JD: Core.jar/jd/plugins/PluginForDecrypt$1.class
   JD: Core.jar/jd/plugins/PluginForDecrypt$2.class
   JD: Core.jar/jd/plugins/PluginForDecrypt.class
   JD: Core.jar/jd/plugins/PluginForHost$1.class
   JD: Core.jar/jd/plugins/PluginForHost$10$1.class
   JD: Core.jar/jd/plugins/PluginForHost$10$2.class
   JD: Core.jar/jd/plugins/PluginForHost$10.class
   JD: Core.jar/jd/plugins/PluginForHost$11.class
   JD: Core.jar/jd/plugins/PluginForHost$12.class
   JD: Core.jar/jd/plugins/PluginForHost$13.class
   JD: Core.jar/jd/plugins/PluginForHost$2.class
   JD: Core.jar/jd/plugins/PluginForHost$3.class
   JD: Core.jar/jd/plugins/PluginForHost$4.class
   JD: Core.jar/jd/plugins/PluginForHost$5$1.class
   JD: Core.jar/jd/plugins/PluginForHost$5$2$1.class
   JD: Core.jar/jd/plugins/PluginForHost$5$2.class
   JD: Core.jar/jd/plugins/PluginForHost$5.class
   JD: Core.jar/jd/plugins/PluginForHost$6$1.class
   JD: Core.jar/jd/plugins/PluginForHost$6$2$1.class
   JD: Core.jar/jd/plugins/PluginForHost$6$2$2.class
   JD: Core.jar/jd/plugins/PluginForHost$6$2.class
   JD: Core.jar/jd/plugins/PluginForHost$6.class
   JD: Core.jar/jd/plugins/PluginForHost$7.class
   JD: Core.jar/jd/plugins/PluginForHost$8.class
   JD: Core.jar/jd/plugins/PluginForHost$9.class
   JD: Core.jar/jd/plugins/PluginForHost$FilePair.class
   JD: Core.jar/jd/plugins/PluginForHost.class
   JD: Core.jar/org/jdownloader/plugins/components/XFileSharingProBasic$1.class
   JD: Core.jar/org/jdownloader/plugins/components/XFileSharingProBasic.class
   JD: Core.jar/org/jdownloader/plugins/components/XFileSharingProBasicSpecialFilejoker.class
   JD: Core.jar/org/jdownloader/plugins/components/abstractGenericHTTPDirectoryIndexCrawler$1.class.removed
   JD: Core.jar/org/jdownloader/plugins/components/abstractGenericHTTPDirectoryIndexCrawler$DirectoryListingMode.class
   JD: Core.jar/org/jdownloader/plugins/components/abstractGenericHTTPDirectoryIndexCrawler.class
   JD: Core.jar/org/jdownloader/plugins/components/archiveorg/ArchiveOrgConfig$BookCrawlMode$1.class
   JD: Core.jar/org/jdownloader/plugins/components/archiveorg/ArchiveOrgConfig$BookCrawlMode$2.class
   JD: Core.jar/org/jdownloader/plugins/components/archiveorg/ArchiveOrgConfig$BookCrawlMode$3.class
   JD: Core.jar/org/jdownloader/plugins/components/archiveorg/ArchiveOrgConfig$BookCrawlMode.class
   JD: Core.jar/org/jdownloader/plugins/components/archiveorg/ArchiveOrgConfig$PlaylistCrawlMode$1.class
   JD: Core.jar/org/jdownloader/plugins/components/archiveorg/ArchiveOrgConfig$PlaylistCrawlMode$2.class
   JD: Core.jar/org/jdownloader/plugins/components/archiveorg/ArchiveOrgConfig$PlaylistCrawlMode$3.class
   JD: Core.jar/org/jdownloader/plugins/components/archiveorg/ArchiveOrgConfig$PlaylistCrawlMode$4.class
   JD: Core.jar/org/jdownloader/plugins/components/archiveorg/ArchiveOrgConfig$PlaylistCrawlMode$5.class
   JD: Core.jar/org/jdownloader/plugins/components/archiveorg/ArchiveOrgConfig$PlaylistCrawlMode.class
   JD: Core.jar/org/jdownloader/plugins/components/archiveorg/ArchiveOrgConfig$PlaylistFilenameScheme$1.class
   JD: Core.jar/org/jdownloader/plugins/components/archiveorg/ArchiveOrgConfig$PlaylistFilenameScheme$2.class
   JD: Core.jar/org/jdownloader/plugins/components/archiveorg/ArchiveOrgConfig$PlaylistFilenameScheme.class
   JD: Core.jar/org/jdownloader/plugins/components/archiveorg/ArchiveOrgConfig$SingleFilePathNotFoundMode$1.class
   JD: Core.jar/org/jdownloader/plugins/components/archiveorg/ArchiveOrgConfig$SingleFilePathNotFoundMode$2.class
   JD: Core.jar/org/jdownloader/plugins/components/archiveorg/ArchiveOrgConfig$SingleFilePathNotFoundMode$3.class
   JD: Core.jar/org/jdownloader/plugins/components/archiveorg/ArchiveOrgConfig$SingleFilePathNotFoundMode.class
   JD: Core.jar/org/jdownloader/plugins/components/archiveorg/ArchiveOrgConfig$TRANSLATION.class
   JD: Core.jar/org/jdownloader/plugins/components/archiveorg/ArchiveOrgConfig.class
   JD: Core.jar/org/jdownloader/plugins/components/config/RapidGatorConfig$TRANSLATION.class
   JD: Core.jar/org/jdownloader/plugins/components/config/RapidGatorConfig.class
Package: package_1713790859863.awf
Install
Write Revision: 17288
----------------Plugins----------------
   jd/plugins/hoster/AsmfileCom.class.removed
   jd/plugins/hoster/Offline.class
   jd/plugins/hoster/WorldBytezCom.class
----------------Extensions----------------
----------------Direct Files----------------
   build.json
----------------Core Files----------------
Package: package_1713794460404.awf
Install
Write Revision: 17290
----------------Plugins----------------
   jd/plugins/decrypter/ImageFapCrawler.class
   jd/plugins/decrypter/SoundCloudComDecrypter.class
   jd/plugins/hoster/LinkSnappyCom$LinkSnappyComConfig$TRANSLATION.class
   jd/plugins/hoster/LinkSnappyCom$LinkSnappyComConfig.class
   jd/plugins/hoster/LinkSnappyCom.class
   jd/plugins/hoster/Offline.class
----------------Extensions----------------
----------------Direct Files----------------
   build.json
----------------Core Files----------------
   Core.jar
   JD: Core.jar/jd/controlling/captcha/CaptchaSettings$CAPTCHA_TIMEOUT_ACTION.class
   JD: Core.jar/jd/controlling/captcha/CaptchaSettings$MODE.class
   JD: Core.jar/jd/controlling/captcha/CaptchaSettings.class
   JD: Core.jar/jd/controlling/downloadcontroller/ProxyInfoHistory$1.class
   JD: Core.jar/jd/controlling/downloadcontroller/ProxyInfoHistory$2.class
   JD: Core.jar/jd/controlling/downloadcontroller/ProxyInfoHistory$WaitingSkipReasonContainer.class
   JD: Core.jar/jd/controlling/downloadcontroller/ProxyInfoHistory.class
   JD: Core.jar/jd/plugins/PluginForDecrypt.class
   JD: Core.jar/jd/plugins/PluginForHost.class
   JD: Core.jar/org/jdownloader/settings/advanced/AdvancedConfigEntry$1$1.class
   JD: Core.jar/org/jdownloader/settings/advanced/AdvancedConfigEntry$1.class
   JD: Core.jar/org/jdownloader/settings/advanced/AdvancedConfigEntry$2$1.class
   JD: Core.jar/org/jdownloader/settings/advanced/AdvancedConfigEntry$2.class
   JD: Core.jar/org/jdownloader/settings/advanced/AdvancedConfigEntry.class
   JD: Core.jar/org/jdownloader/settings/advanced/AdvancedConfigManager.class
   JD: libs/JDGUI.jar/jd/gui/swing/jdgui/views/settings/panels/advanced/AdvancedConfigTableModel$1.class
   JD: libs/JDGUI.jar/jd/gui/swing/jdgui/views/settings/panels/advanced/AdvancedConfigTableModel$2.class
   JD: libs/JDGUI.jar/jd/gui/swing/jdgui/views/settings/panels/advanced/AdvancedConfigTableModel$3.class
   JD: libs/JDGUI.jar/jd/gui/swing/jdgui/views/settings/panels/advanced/AdvancedConfigTableModel$4.class
   JD: libs/JDGUI.jar/jd/gui/swing/jdgui/views/settings/panels/advanced/AdvancedConfigTableModel$5$1.class
   JD: libs/JDGUI.jar/jd/gui/swing/jdgui/views/settings/panels/advanced/AdvancedConfigTableModel$5.class
   JD: libs/JDGUI.jar/jd/gui/swing/jdgui/views/settings/panels/advanced/AdvancedConfigTableModel.class
   libs/JDGUI.jar
Package: package_1713880861812.awf
Install
Write Revision: 17292
----------------Plugins----------------
   jd/plugins/hoster/FileJokerNet.class
   jd/plugins/hoster/OceanoffileCom.class
   jd/plugins/hoster/SafestreamCc.class
   jd/plugins/hoster/VeevTo.class
   jd/plugins/hoster/VidozaNet.class
----------------Extensions----------------
----------------Direct Files----------------
   build.json
----------------Core Files----------------
Package: package_1713888078630.awf
Install
Write Revision: 17293
----------------Plugins----------------
   jd/plugins/decrypter/FilemoonSxCrawler.class
----------------Extensions----------------
----------------Direct Files----------------
   build.json
----------------Core Files----------------
Package: package_1713891662239.awf
Install
Write Revision: 17294
----------------Plugins----------------
   jd/plugins/decrypter/BatoToCrawlerV2.class
   jd/plugins/decrypter/ThingiverseCom.class
   jd/plugins/hoster/BiguzNet.class
   jd/plugins/hoster/ORFMediathek$1.class
   jd/plugins/hoster/ORFMediathek.class
   jd/plugins/hoster/WorldBytezCom.class
   jd/plugins/hoster/WyslijNet.class
----------------Extensions----------------
----------------Direct Files----------------
   build.json
----------------Core Files----------------
Package: package_1713895277592.awf
Install
Write Revision: 17295
----------------Plugins----------------
   jd/plugins/decrypter/BatoToCrawlerV2.class
   jd/plugins/decrypter/ThingiverseCom.class
   jd/plugins/decrypter/WebArchiveOrg.class
----------------Extensions----------------
----------------Direct Files----------------
   build.json
----------------Core Files----------------
Package: package_1713967266329.awf
Install
Write Revision: 17296
----------------Plugins----------------
   jd/plugins/decrypter/ArdmediathekEmbed.class
   jd/plugins/decrypter/BiqleRuCrawler$1.class
   jd/plugins/decrypter/BiqleRuCrawler.class
   jd/plugins/decrypter/TiktokComCrawler$1.class
   jd/plugins/decrypter/TiktokComCrawler.class
   jd/plugins/decrypter/WebArchiveOrg.class
   jd/plugins/hoster/BiqleRu.class
   jd/plugins/hoster/BooruOrg.class
   jd/plugins/hoster/CamvaultXyz$1.class
   jd/plugins/hoster/CamvaultXyz.class
   jd/plugins/hoster/DirectHTTP$1.class
   jd/plugins/hoster/DirectHTTP$2.class
   jd/plugins/hoster/DirectHTTP$3.class
   jd/plugins/hoster/DirectHTTP.class
   jd/plugins/hoster/TiktokCom$1.class
   jd/plugins/hoster/TiktokCom.class
   jd/plugins/hoster/UploadyIo.class
   jd/plugins/hoster/VKontakteRuHoster$1.class
   jd/plugins/hoster/VKontakteRuHoster$Quality$1.class
   jd/plugins/hoster/VKontakteRuHoster$Quality$2.class
   jd/plugins/hoster/VKontakteRuHoster$Quality$3.class
   jd/plugins/hoster/VKontakteRuHoster$Quality$4.class
   jd/plugins/hoster/VKontakteRuHoster$Quality$5.class
   jd/plugins/hoster/VKontakteRuHoster$Quality$6.class
   jd/plugins/hoster/VKontakteRuHoster$Quality$7.class
   jd/plugins/hoster/VKontakteRuHoster$Quality$8.class
   jd/plugins/hoster/VKontakteRuHoster$Quality.class
   jd/plugins/hoster/VKontakteRuHoster$QualitySelectionMode$1.class
   jd/plugins/hoster/VKontakteRuHoster$QualitySelectionMode$2.class
   jd/plugins/hoster/VKontakteRuHoster$QualitySelectionMode$3.class
   jd/plugins/hoster/VKontakteRuHoster$QualitySelectionMode$4.class
   jd/plugins/hoster/VKontakteRuHoster$QualitySelectionMode.class
   jd/plugins/hoster/VKontakteRuHoster.class
   jd/plugins/hoster/XingyaodiskCom.class.removed
----------------Extensions----------------
----------------Direct Files----------------
   build.json
   translations/jd/captcha/translate/CaptchaTranslation.zh_CN.lng
   translations/jd/controlling/reconnect/pluginsinc/liveheader/translate/LiveheaderTranslation.zh_CN.lng
   translations/jd/controlling/reconnect/pluginsinc/upnp/translate/UpnpTranslation.hr.lng
   translations/org/appwork/utils/locale/AWUTranslation.hr.lng
   translations/org/appwork/utils/logging2/sendlogs/LogSenderTranslation.hr.lng
   translations/org/jdownloader/extensions/extraction/translate/ExtractionTranslation.hr.lng
   translations/org/jdownloader/extensions/extraction/translate/ExtractionTranslation.zh_CN.lng
   translations/org/jdownloader/extensions/shutdown/translate/ShutdownTranslation.zh_CN.lng
   translations/org/jdownloader/gui/translate/GuiTranslation.bg.lng
   translations/org/jdownloader/gui/translate/GuiTranslation.bs.lng
   translations/org/jdownloader/gui/translate/GuiTranslation.ca.lng
   translations/org/jdownloader/gui/translate/GuiTranslation.cs.lng
   translations/org/jdownloader/gui/translate/GuiTranslation.de.lng
   translations/org/jdownloader/gui/translate/GuiTranslation.el.lng
   translations/org/jdownloader/gui/translate/GuiTranslation.en.lng
   translations/org/jdownloader/gui/translate/GuiTranslation.en_AU.lng
   translations/org/jdownloader/gui/translate/GuiTranslation.es.lng
   translations/org/jdownloader/gui/translate/GuiTranslation.eu.lng
   translations/org/jdownloader/gui/translate/GuiTranslation.fr.lng
   translations/org/jdownloader/gui/translate/GuiTranslation.hr.lng
   translations/org/jdownloader/gui/translate/GuiTranslation.hu.lng
   translations/org/jdownloader/gui/translate/GuiTranslation.id.lng
   translations/org/jdownloader/gui/translate/GuiTranslation.it.lng
   translations/org/jdownloader/gui/translate/GuiTranslation.ja.lng
   translations/org/jdownloader/gui/translate/GuiTranslation.ko.lng
   translations/org/jdownloader/gui/translate/GuiTranslation.pl.lng
   translations/org/jdownloader/gui/translate/GuiTranslation.pt.lng
   translations/org/jdownloader/gui/translate/GuiTranslation.pt_BR.lng
   translations/org/jdownloader/gui/translate/GuiTranslation.pt_PT.lng
   translations/org/jdownloader/gui/translate/GuiTranslation.ru.lng
   translations/org/jdownloader/gui/translate/GuiTranslation.sk.lng
   translations/org/jdownloader/gui/translate/GuiTranslation.sv.lng
   translations/org/jdownloader/gui/translate/GuiTranslation.tr.lng
   translations/org/jdownloader/gui/translate/GuiTranslation.zh.lng
   translations/org/jdownloader/gui/translate/GuiTranslation.zh_CN.lng
   translations/org/jdownloader/gui/translate/GuiTranslation.zh_TW.lng
   translations/org/jdownloader/gui/translate/GuiTranslation.zh__hans.lng
   translations/org/jdownloader/gui/translate/GuiTranslation.zh__hant.lng
   translations/org/jdownloader/translate/JdownloaderTranslation.bs.lng
   translations/org/jdownloader/translate/JdownloaderTranslation.hr.lng
   translations/org/jdownloader/translate/JdownloaderTranslation.pt_BR.lng
   translations/org/jdownloader/translate/JdownloaderTranslation.zh_CN.lng
   translations/org/jdownloader/translate/JdownloaderTranslation.zh__hant.lng
   translations/org/jdownloader/updatev2/UpdaterTranslation.zh_CN.lng
----------------Core Files----------------
   Core.jar
   JD: Core.jar/jd/controlling/faviconcontroller/FavIcons$1.class
   JD: Core.jar/jd/controlling/faviconcontroller/FavIcons$2.class
   JD: Core.jar/jd/controlling/faviconcontroller/FavIcons$3.class
   JD: Core.jar/jd/controlling/faviconcontroller/FavIcons$4.class
   JD: Core.jar/jd/controlling/faviconcontroller/FavIcons.class
   JD: Core.jar/jd/controlling/faviconcontroller/FavIconsConfig.class
   JD: Core.jar/org/jdownloader/captcha/v2/challenge/recaptcha/v2/AbstractRecaptchaV2$1.class
   JD: Core.jar/org/jdownloader/captcha/v2/challenge/recaptcha/v2/AbstractRecaptchaV2.class
   JD: Core.jar/org/jdownloader/donate/DONATE_EVENT$1.class
   JD: Core.jar/org/jdownloader/donate/DONATE_EVENT$2.class
   JD: Core.jar/org/jdownloader/donate/DONATE_EVENT$3.class
   JD: Core.jar/org/jdownloader/donate/DONATE_EVENT$4.class
   JD: Core.jar/org/jdownloader/donate/DONATE_EVENT$5.class
   JD: Core.jar/org/jdownloader/donate/DONATE_EVENT$6.class
   JD: Core.jar/org/jdownloader/donate/DONATE_EVENT$7.class
   JD: Core.jar/org/jdownloader/donate/DONATE_EVENT$8.class
   JD: Core.jar/org/jdownloader/donate/DONATE_EVENT$9.class
   JD: Core.jar/org/jdownloader/donate/DONATE_EVENT.class
   JD: Core.jar/org/jdownloader/downloader/text/TextDownloader$1.class
   JD: Core.jar/org/jdownloader/downloader/text/TextDownloader.class
   JD: Core.jar/org/jdownloader/plugins/components/XFileSharingProBasic$1.class
   JD: Core.jar/org/jdownloader/plugins/components/XFileSharingProBasic$URL_TYPE.class
   JD: Core.jar/org/jdownloader/plugins/components/XFileSharingProBasic.class
   JD: libs/bcpkix-jdk15on.jar/META-INF/BC1024KE.DSA
   JD: libs/bcpkix-jdk15on.jar/META-INF/BC1024KE.SF
   JD: libs/bcpkix-jdk15on.jar/META-INF/BC2048KE.DSA
   JD: libs/bcpkix-jdk15on.jar/META-INF/BC2048KE.SF
   JD: libs/bcpkix-jdk15on.jar/META-INF/MANIFEST.MF
   JD: libs/bcpkix-jdk15on.jar/org/bouncycastle/cert/AttributeCertificateHolder.class
   JD: libs/bcpkix-jdk15on.jar/org/bouncycastle/cert/DeltaCertificateTool.class
   JD: libs/bcpkix-jdk15on.jar/org/bouncycastle/cert/X509v2AttributeCertificateBuilder.class
   JD: libs/bcpkix-jdk15on.jar/org/bouncycastle/cert/X509v2CRLBuilder.class
   JD: libs/bcpkix-jdk15on.jar/org/bouncycastle/cert/X509v3CertificateBuilder.class
   JD: libs/bcpkix-jdk15on.jar/org/bouncycastle/cert/cmp/CMPUtil.class
   JD: libs/bcpkix-jdk15on.jar/org/bouncycastle/cert/cmp/CertificateConfirmationContentBuilder.class
   JD: libs/bcpkix-jdk15on.jar/org/bouncycastle/cert/cmp/CertificateStatus.class
   JD: libs/bcpkix-jdk15on.jar/org/bouncycastle/cert/cmp/ProtectedPKIMessage.class
   JD: libs/bcpkix-jdk15on.jar/org/bouncycastle/cert/crmf/PKMACValueVerifier.class
   JD: libs/bcpkix-jdk15on.jar/org/bouncycastle/cert/path/CertPathValidationContext.class
   JD: libs/bcpkix-jdk15on.jar/org/bouncycastle/cert/path/validations/CertificatePoliciesValidation.class
   JD: libs/bcpkix-jdk15on.jar/org/bouncycastle/cms/CMSAuthEnvelopedData$1.class
   JD: libs/bcpkix-jdk15on.jar/org/bouncycastle/cms/CMSAuthEnvelopedData$2.class.removed
   JD: libs/bcpkix-jdk15on.jar/org/bouncycastle/cms/CMSAuthEnvelopedData.class
   JD: libs/bcpkix-jdk15on.jar/org/bouncycastle/cms/CMSAuthEnvelopedDataGenerator.class
   JD: libs/bcpkix-jdk15on.jar/org/bouncycastle/cms/CMSAuthEnvelopedDataParser$1.class
   JD: libs/bcpkix-jdk15on.jar/org/bouncycastle/cms/CMSAuthEnvelopedDataParser$LocalMacProvider.class
   JD: libs/bcpkix-jdk15on.jar/org/bouncycastle/cms/CMSAuthEnvelopedDataParser.class
   JD: libs/bcpkix-jdk15on.jar/org/bouncycastle/cms/CMSAuthEnvelopedDataStreamGenerator$CMSAuthEnvelopedDataOutputStream.class
   JD: libs/bcpkix-jdk15on.jar/org/bouncycastle/cms/CMSAuthEnvelopedDataStreamGenerator.class
   JD: libs/bcpkix-jdk15on.jar/org/bouncycastle/cms/CMSAuthenticatedData$1.class.removed
   JD: libs/bcpkix-jdk15on.jar/org/bouncycastle/cms/CMSAuthenticatedData.class
   JD: libs/bcpkix-jdk15on.jar/org/bouncycastle/cms/CMSAuthenticatedDataGenerator.class
   JD: libs/bcpkix-jdk15on.jar/org/bouncycastle/cms/CMSAuthenticatedDataParser$1.class.removed
   JD: libs/bcpkix-jdk15on.jar/org/bouncycastle/cms/CMSAuthenticatedDataParser.class
   JD: libs/bcpkix-jdk15on.jar/org/bouncycastle/cms/CMSAuthenticatedDataStreamGenerator$CmsAuthenticatedDataOutputStream.class
   JD: libs/bcpkix-jdk15on.jar/org/bouncycastle/cms/CMSAuthenticatedDataStreamGenerator.class
   JD: libs/bcpkix-jdk15on.jar/org/bouncycastle/cms/CMSEncryptedDataGenerator.class
   JD: libs/bcpkix-jdk15on.jar/org/bouncycastle/cms/CMSEnvelopedData.class
   JD: libs/bcpkix-jdk15on.jar/org/bouncycastle/cms/CMSEnvelopedDataGenerator.class
   JD: libs/bcpkix-jdk15on.jar/org/bouncycastle/cms/CMSEnvelopedDataParser.class
   JD: libs/bcpkix-jdk15on.jar/org/bouncycastle/cms/CMSEnvelopedDataStreamGenerator$CmsEnvelopedDataOutputStream.class
   JD: libs/bcpkix-jdk15on.jar/org/bouncycastle/cms/CMSEnvelopedDataStreamGenerator.class
   JD: libs/bcpkix-jdk15on.jar/org/bouncycastle/cms/CMSEnvelopedHelper$CMSAuthEnveSecureReadable.class
   JD: libs/bcpkix-jdk15on.jar/org/bouncycastle/cms/CMSEnvelopedHelper$CMSAuthenticatedSecureReadable.class.removed
   JD: libs/bcpkix-jdk15on.jar/org/bouncycastle/cms/CMSEnvelopedHelper$CMSDefaultSecureReadable.class
   JD: libs/bcpkix-jdk15on.jar/org/bouncycastle/cms/CMSEnvelopedHelper$CMSDigestAuthenticatedSecureReadable.class
   JD: libs/bcpkix-jdk15on.jar/org/bouncycastle/cms/CMSEnvelopedHelper$CMSEnvelopedSecureReadable.class.removed
   JD: libs/bcpkix-jdk15on.jar/org/bouncycastle/cms/CMSEnvelopedHelper.class
   JD: libs/bcpkix-jdk15on.jar/org/bouncycastle/cms/CMSSecureReadable.class
   JD: libs/bcpkix-jdk15on.jar/org/bouncycastle/cms/CMSSecureReadableWithAAD.class
   JD: libs/bcpkix-jdk15on.jar/org/bouncycastle/cms/CMSSignedDataGenerator.class
   JD: libs/bcpkix-jdk15on.jar/org/bouncycastle/cms/CMSSignedGenerator.class
   JD: libs/bcpkix-jdk15on.jar/org/bouncycastle/cms/CMSUtils.class
   JD: libs/bcpkix-jdk15on.jar/org/bouncycastle/cms/DefaultCMSSignatureAlgorithmNameGenerator.class
   JD: libs/bcpkix-jdk15on.jar/org/bouncycastle/cms/InputStreamWithMAC.class
   JD: libs/bcpkix-jdk15on.jar/org/bouncycastle/cms/KEKRecipientInformation.class
   JD: libs/bcpkix-jdk15on.jar/org/bouncycastle/cms/KEMRecipientInformation.class
   JD: libs/bcpkix-jdk15on.jar/org/bouncycastle/cms/KeyAgreeRecipientInformation.class
   JD: libs/bcpkix-jdk15on.jar/org/bouncycastle/cms/KeyTransRecipientInformation.class
   JD: libs/bcpkix-jdk15on.jar/org/bouncycastle/cms/MACProvider.class
   JD: libs/bcpkix-jdk15on.jar/org/bouncycastle/cms/PasswordRecipientInformation.class
   JD: libs/bcpkix-jdk15on.jar/org/bouncycastle/cms/RecipientInformation.class
   JD: libs/bcpkix-jdk15on.jar/org/bouncycastle/cms/RecipientOperator.class
   JD: libs/bcpkix-jdk15on.jar/org/bouncycastle/cms/SignerInformation.class
   JD: libs/bcpkix-jdk15on.jar/org/bouncycastle/cms/jcajce/EnvelopedDataHelper$1.class
   JD: libs/bcpkix-jdk15on.jar/org/bouncycastle/cms/jcajce/EnvelopedDataHelper.class
   JD: libs/bcpkix-jdk15on.jar/org/bouncycastle/cms/jcajce/JceCMSContentEncryptorBuilder$CMSAuthOutputEncryptor.class
   JD: libs/bcpkix-jdk15on.jar/org/bouncycastle/cms/jcajce/JceCMSContentEncryptorBuilder$CMSOutEncryptor.class
   JD: libs/bcpkix-jdk15on.jar/org/bouncycastle/cms/jcajce/JceCMSContentEncryptorBuilder$CMSOutputEncryptor.class
   JD: libs/bcpkix-jdk15on.jar/org/bouncycastle/cms/jcajce/JceCMSContentEncryptorBuilder.class
   JD: libs/bcpkix-jdk15on.jar/org/bouncycastle/cms/jcajce/JceKEKRecipient.class
   JD: libs/bcpkix-jdk15on.jar/org/bouncycastle/cms/jcajce/JceKEMRecipient.class
   JD: libs/bcpkix-jdk15on.jar/org/bouncycastle/cms/jcajce/JceKTSKeyTransRecipient.class
   JD: libs/bcpkix-jdk15on.jar/org/bouncycastle/cms/jcajce/JceKeyAgreeRecipient.class
   JD: libs/bcpkix-jdk15on.jar/org/bouncycastle/cms/jcajce/JceKeyTransAuthEnvelopedRecipient$1.class
   JD: libs/bcpkix-jdk15on.jar/org/bouncycastle/cms/jcajce/JceKeyTransRecipient.class
   JD: libs/bcpkix-jdk15on.jar/org/bouncycastle/mozilla/SignedPublicKeyAndChallenge.class
   JD: libs/bcpkix-jdk15on.jar/org/bouncycastle/operator/DefaultDigestAlgorithmIdentifierFinder.class
   JD: libs/bcpkix-jdk15on.jar/org/bouncycastle/operator/DefaultSignatureAlgorithmIdentifierFinder.class
   JD: libs/bcpkix-jdk15on.jar/org/bouncycastle/operator/bc/BcEdECContentSignerBuilder.class
   JD: libs/bcpkix-jdk15on.jar/org/bouncycastle/operator/jcajce/JcaContentSignerBuilder.class
   JD: libs/bcpkix-jdk15on.jar/org/bouncycastle/operator/jcajce/JcaContentVerifierProviderBuilder$2.class
   JD: libs/bcpkix-jdk15on.jar/org/bouncycastle/operator/jcajce/JcaContentVerifierProviderBuilder$CompositeVerifier.class
   JD: libs/bcpkix-jdk15on.jar/org/bouncycastle/pkcs/DeltaCertAttributeUtils.class
   JD: libs/bcpkix-jdk15on.jar/org/bouncycastle/pkcs/DeltaCertificateRequestAttribute.class.removed
   JD: libs/bcpkix-jdk15on.jar/org/bouncycastle/pkcs/DeltaCertificateRequestAttributeValue.class
   JD: libs/bcpkix-jdk15on.jar/org/bouncycastle/pkcs/DeltaCertificateRequestAttributeValueBuilder.class
   JD: libs/bcpkix-jdk15on.jar/org/bouncycastle/pkcs/PKCS10CertificationRequest.class
   JD: libs/bcpkix-jdk15on.jar/org/bouncycastle/pkcs/PKCS10CertificationRequestBuilder.class
   JD: libs/bcpkix-jdk15on.jar/org/bouncycastle/pkcs/jcajce/JcaPKCS10CertificationRequestBuilder.class
   JD: libs/bcpkix-jdk15on.jar/org/bouncycastle/pkix/SubjectPublicKeyInfoChecker.class
   JD: libs/bcpkix-jdk15on.jar/org/bouncycastle/pkix/jcajce/PKIXCertPathReviewer.class
   JD: libs/bcpkix-jdk15on.jar/org/bouncycastle/pkix/util/X509CertificateFormatter.class
   JD: libs/bcprov-jdk15on.jar/META-INF/BC1024KE.DSA
   JD: libs/bcprov-jdk15on.jar/META-INF/BC1024KE.SF
   JD: libs/bcprov-jdk15on.jar/META-INF/BC2048KE.DSA
   JD: libs/bcprov-jdk15on.jar/META-INF/BC2048KE.SF
   JD: libs/bcprov-jdk15on.jar/META-INF/MANIFEST.MF
   JD: libs/bcprov-jdk15on.jar/org/bouncycastle/asn1/ASN1External.class
   JD: libs/bcprov-jdk15on.jar/org/bouncycastle/asn1/ASN1InputStream.class
   JD: libs/bcprov-jdk15on.jar/org/bouncycastle/asn1/ASN1ObjectIdentifier$OidHandle.class
   JD: libs/bcprov-jdk15on.jar/org/bouncycastle/asn1/ASN1ObjectIdentifier.class
   JD: libs/bcprov-jdk15on.jar/org/bouncycastle/asn1/ASN1RelativeOID.class
   JD: libs/bcprov-jdk15on.jar/org/bouncycastle/asn1/ASN1TaggedObject.class
   JD: libs/bcprov-jdk15on.jar/org/bouncycastle/asn1/ASN1UniversalType.class
   JD: libs/bcprov-jdk15on.jar/org/bouncycastle/asn1/ASN1Util.class
   JD: libs/bcprov-jdk15on.jar/org/bouncycastle/asn1/DLTaggedObjectParser.class
   JD: libs/bcprov-jdk15on.jar/org/bouncycastle/asn1/bc/BCObjectIdentifiers.class
   JD: libs/bcprov-jdk15on.jar/org/bouncycastle/asn1/bc/ExternalValue.class
   JD: libs/bcprov-jdk15on.jar/org/bouncycastle/asn1/cryptopro/ECGOST3410NamedCurves$4.class
   JD: libs/bcprov-jdk15on.jar/org/bouncycastle/asn1/cryptopro/ECGOST3410NamedCurves$5.class
   JD: libs/bcprov-jdk15on.jar/org/bouncycastle/asn1/cryptopro/ECGOST3410NamedCurves$6.class
   JD: libs/bcprov-jdk15on.jar/org/bouncycastle/asn1/cryptopro/ECGOST3410NamedCurves$7.class
   JD: libs/bcprov-jdk15on.jar/org/bouncycastle/asn1/cryptopro/ECGOST3410NamedCurves$8.class.removed
   JD: libs/bcprov-jdk15on.jar/org/bouncycastle/asn1/cryptopro/ECGOST3410NamedCurves.class
   JD: libs/bcprov-jdk15on.jar/org/bouncycastle/asn1/cryptopro/GOST3410PublicKeyAlgParameters.class
   JD: libs/bcprov-jdk15on.jar/org/bouncycastle/asn1/gm/GMNamedCurves.class
   JD: libs/bcprov-jdk15on.jar/org/bouncycastle/asn1/gm/GMObjectIdentifiers.class
   JD: libs/bcprov-jdk15on.jar/org/bouncycastle/asn1/misc/MiscObjectIdentifiers.class
   JD: libs/bcprov-jdk15on.jar/org/bouncycastle/asn1/pkcs/RSAESOAEPparams.class
   JD: libs/bcprov-jdk15on.jar/org/bouncycastle/asn1/pkcs/RSASSAPSSparams.class
   JD: libs/bcprov-jdk15on.jar/org/bouncycastle/asn1/rosstandart/RosstandartObjectIdentifiers.class
   JD: libs/bcprov-jdk15on.jar/org/bouncycastle/asn1/util/Dump.class.removed
   JD: libs/bcprov-jdk15on.jar/org/bouncycastle/asn1/x500/RDN.class
   JD: libs/bcprov-jdk15on.jar/org/bouncycastle/asn1/x500/X500Name.class
   JD: libs/bcprov-jdk15on.jar/org/bouncycastle/asn1/x500/style/AbstractX500NameStyle.class
   JD: libs/bcprov-jdk15on.jar/org/bouncycastle/asn1/x500/style/BCStrictStyle.class
   JD: libs/bcprov-jdk15on.jar/org/bouncycastle/asn1/x500/style/BCStyle.class
   JD: libs/bcprov-jdk15on.jar/org/bouncycastle/asn1/x500/style/IETFUtils.class
   JD: libs/bcprov-jdk15on.jar/org/bouncycastle/asn1/x500/style/X500NameTokenizer.class
   JD: libs/bcprov-jdk15on.jar/org/bouncycastle/asn1/x509/DeltaCertificateDescriptor.class
   JD: libs/bcprov-jdk15on.jar/org/bouncycastle/asn1/x509/Extension.class
   JD: libs/bcprov-jdk15on.jar/org/bouncycastle/asn1/x509/Extensions.class
   JD: libs/bcprov-jdk15on.jar/org/bouncycastle/asn1/x509/PolicyQualifierInfo.class
   JD: libs/bcprov-jdk15on.jar/org/bouncycastle/asn1/x509/X509Name.class
   JD: libs/bcprov-jdk15on.jar/org/bouncycastle/asn1/x9/ECNamedCurveTable.class
   JD: libs/bcprov-jdk15on.jar/org/bouncycastle/crypto/digests/CSHAKEDigest.class
   JD: libs/bcprov-jdk15on.jar/org/bouncycastle/crypto/digests/GOST3411_2012Digest.class
   JD: libs/bcprov-jdk15on.jar/org/bouncycastle/crypto/digests/Haraka256Digest.class
   JD: libs/bcprov-jdk15on.jar/org/bouncycastle/crypto/digests/Haraka512Digest.class
   JD: libs/bcprov-jdk15on.jar/org/bouncycastle/crypto/digests/HarakaBase.class
   JD: libs/bcprov-jdk15on.jar/org/bouncycastle/crypto/digests/PhotonBeetleDigest.class
   JD: libs/bcprov-jdk15on.jar/org/bouncycastle/crypto/digests/Prehash.class
   JD: libs/bcprov-jdk15on.jar/org/bouncycastle/crypto/ec/CustomNamedCurves.class
   JD: libs/bcprov-jdk15on.jar/org/bouncycastle/crypto/encodings/OAEPEncoding.class
   JD: libs/bcprov-jdk15on.jar/org/bouncycastle/crypto/encodings/PKCS1Encoding.class
   JD: libs/bcprov-jdk15on.jar/org/bouncycastle/crypto/engines/ARIAEngine.class
   JD: libs/bcprov-jdk15on.jar/org/bouncycastle/crypto/engines/RSABlindedEngine.class
   JD: libs/bcprov-jdk15on.jar/org/bouncycastle/crypto/engines/RSACoreEngine.class
   JD: libs/bcprov-jdk15on.jar/org/bouncycastle/crypto/engines/SM2Engine.class
   JD: libs/bcprov-jdk15on.jar/org/bouncycastle/crypto/fpe/SP80038G.class
   JD: libs/bcprov-jdk15on.jar/org/bouncycastle/crypto/generators/NaccacheSternKeyPairGenerator.class
   JD: libs/bcprov-jdk15on.jar/org/bouncycastle/crypto/generators/RSABlindingFactorGenerator.class
   JD: libs/bcprov-jdk15on.jar/org/bouncycastle/crypto/hpke/AEAD.class
   JD: libs/bcprov-jdk15on.jar/org/bouncycastle/crypto/hpke/DHKEM.class
   JD: libs/bcprov-jdk15on.jar/org/bouncycastle/crypto/hpke/HKDF.class
   JD: libs/bcprov-jdk15on.jar/org/bouncycastle/crypto/hpke/HPKE.class
   JD: libs/bcprov-jdk15on.jar/org/bouncycastle/crypto/hpke/HPKEContext.class
   JD: libs/bcprov-jdk15on.jar/org/bouncycastle/crypto/modes/CBCBlockCipher.class
   JD: libs/bcprov-jdk15on.jar/org/bouncycastle/crypto/modes/CCMBlockCipher.class
   JD: libs/bcprov-jdk15on.jar/org/bouncycastle/crypto/modes/OCBBlockCipher.class
   JD: libs/bcprov-jdk15on.jar/org/bouncycastle/crypto/params/RSAKeyParameters.class
   JD: libs/bcprov-jdk15on.jar/org/bouncycastle/crypto/prng/drbg/CTRSP800DRBG.class
   JD: libs/bcprov-jdk15on.jar/org/bouncycastle/crypto/signers/Ed25519Signer.class
   JD: libs/bcprov-jdk15on.jar/org/bouncycastle/crypto/signers/Ed448Signer.class
   JD: libs/bcprov-jdk15on.jar/org/bouncycastle/crypto/signers/HMacDSAKCalculator.class
   JD: libs/bcprov-jdk15on.jar/org/bouncycastle/crypto/signers/PSSSigner.class
   JD: libs/bcprov-jdk15on.jar/org/bouncycastle/crypto/signers/SM2Signer$State.class
   JD: libs/bcprov-jdk15on.jar/org/bouncycastle/crypto/signers/SM2Signer.class
   JD: libs/bcprov-jdk15on.jar/org/bouncycastle/crypto/tls/
   JD: libs/bcprov-jdk15on.jar/org/bouncycastle/crypto/tls/TlsRsaKeyExchange.class
   JD: libs/bcprov-jdk15on.jar/org/bouncycastle/crypto/util/AlgorithmIdentifierFactory.class
   JD: libs/bcprov-jdk15on.jar/org/bouncycastle/crypto/util/CipherFactory.class
   JD: libs/bcprov-jdk15on.jar/org/bouncycastle/crypto/util/CipherKeyGeneratorFactory.class
   JD: libs/bcprov-jdk15on.jar/org/bouncycastle/crypto/util/PBKDF2Config.class
   JD: libs/bcprov-jdk15on.jar/org/bouncycastle/crypto/util/PrivateKeyFactory.class
   JD: libs/bcprov-jdk15on.jar/org/bouncycastle/crypto/util/PrivateKeyInfoFactory.class
   JD: libs/bcprov-jdk15on.jar/org/bouncycastle/crypto/util/PublicKeyFactory$ElGamalConverter.class
   JD: libs/bcprov-jdk15on.jar/org/bouncycastle/crypto/util/PublicKeyFactory$GOST3410_2012Converter.class
   JD: libs/bcprov-jdk15on.jar/org/bouncycastle/crypto/util/PublicKeyFactory.class
   JD: libs/bcprov-jdk15on.jar/org/bouncycastle/crypto/util/ScryptConfig.class
   JD: libs/bcprov-jdk15on.jar/org/bouncycastle/crypto/util/SubjectPublicKeyInfoFactory.class
   JD: libs/bcprov-jdk15on.jar/org/bouncycastle/internal/asn1/cryptlib/
   JD: libs/bcprov-jdk15on.jar/org/bouncycastle/internal/asn1/cryptlib/CryptlibObjectIdentifiers.class
   JD: libs/bcprov-jdk15on.jar/org/bouncycastle/internal/asn1/edec/
   JD: libs/bcprov-jdk15on.jar/org/bouncycastle/internal/asn1/edec/EdECObjectIdentifiers.class
   JD: libs/bcprov-jdk15on.jar/org/bouncycastle/internal/asn1/gnu/
   JD: libs/bcprov-jdk15on.jar/org/bouncycastle/internal/asn1/gnu/GNUObjectIdentifiers.class
   JD: libs/bcprov-jdk15on.jar/org/bouncycastle/internal/asn1/iana/
   JD: libs/bcprov-jdk15on.jar/org/bouncycastle/internal/asn1/iana/IANAObjectIdentifiers.class
   JD: libs/bcprov-jdk15on.jar/org/bouncycastle/internal/asn1/isara/
   JD: libs/bcprov-jdk15on.jar/org/bouncycastle/internal/asn1/isara/IsaraObjectIdentifiers.class
   JD: libs/bcprov-jdk15on.jar/org/bouncycastle/internal/asn1/iso/
   JD: libs/bcprov-jdk15on.jar/org/bouncycastle/internal/asn1/iso/ISOIECObjectIdentifiers.class
   JD: libs/bcprov-jdk15on.jar/org/bouncycastle/internal/asn1/kisa/
   JD: libs/bcprov-jdk15on.jar/org/bouncycastle/internal/asn1/kisa/KISAObjectIdentifiers.class
   JD: libs/bcprov-jdk15on.jar/org/bouncycastle/internal/asn1/microsoft/
   JD: libs/bcprov-jdk15on.jar/org/bouncycastle/internal/asn1/microsoft/MicrosoftObjectIdentifiers.class
   JD: libs/bcprov-jdk15on.jar/org/bouncycastle/internal/asn1/misc/
   JD: libs/bcprov-jdk15on.jar/org/bouncycastle/internal/asn1/misc/CAST5CBCParameters.class
   JD: libs/bcprov-jdk15on.jar/org/bouncycastle/internal/asn1/misc/IDEACBCPar.class
   JD: libs/bcprov-jdk15on.jar/org/bouncycastle/internal/asn1/misc/MiscObjectIdentifiers.class
   JD: libs/bcprov-jdk15on.jar/org/bouncycastle/internal/asn1/misc/NetscapeCertType.class
   JD: libs/bcprov-jdk15on.jar/org/bouncycastle/internal/asn1/misc/NetscapeRevocationURL.class
   JD: libs/bcprov-jdk15on.jar/org/bouncycastle/internal/asn1/misc/ScryptParams.class
   JD: libs/bcprov-jdk15on.jar/org/bouncycastle/internal/asn1/misc/VerisignCzagExtension.class
   JD: libs/bcprov-jdk15on.jar/org/bouncycastle/internal/asn1/nsri/
   JD: libs/bcprov-jdk15on.jar/org/bouncycastle/internal/asn1/nsri/NSRIObjectIdentifiers.class
   JD: libs/bcprov-jdk15on.jar/org/bouncycastle/internal/asn1/ntt/
   JD: libs/bcprov-jdk15on.jar/org/bouncycastle/internal/asn1/ntt/NTTObjectIdentifiers.class
   JD: libs/bcprov-jdk15on.jar/org/bouncycastle/internal/asn1/oiw/
   JD: libs/bcprov-jdk15on.jar/org/bouncycastle/internal/asn1/oiw/ElGamalParameter.class
   JD: libs/bcprov-jdk15on.jar/org/bouncycastle/internal/asn1/oiw/OIWObjectIdentifiers.class
   JD: libs/bcprov-jdk15on.jar/org/bouncycastle/internal/asn1/rosstandart/
   JD: libs/bcprov-jdk15on.jar/org/bouncycastle/internal/asn1/rosstandart/RosstandartObjectIdentifiers.class
   JD: libs/bcprov-jdk15on.jar/org/bouncycastle/jcajce/CompositePrivateKey.class
   JD: libs/bcprov-jdk15on.jar/org/bouncycastle/jcajce/CompositePublicKey.class
   JD: libs/bcprov-jdk15on.jar/org/bouncycastle/jcajce/ExternalPublicKey.class
   JD: libs/bcprov-jdk15on.jar/org/bouncycastle/jcajce/provider/asymmetric/COMPOSITE$Mappings.class
   JD: libs/bcprov-jdk15on.jar/org/bouncycastle/jcajce/provider/asymmetric/CompositeSignatures$Mappings.class
   JD: libs/bcprov-jdk15on.jar/org/bouncycastle/jcajce/provider/asymmetric/CompositeSignatures.class
   JD: libs/bcprov-jdk15on.jar/org/bouncycastle/jcajce/provider/asymmetric/Dilithium$Mappings.class
   JD: libs/bcprov-jdk15on.jar/org/bouncycastle/jcajce/provider/asymmetric/EC$Mappings.class
   JD: libs/bcprov-jdk15on.jar/org/bouncycastle/jcajce/provider/asymmetric/ECGOST$Mappings.class
   JD: libs/bcprov-jdk15on.jar/org/bouncycastle/jcajce/provider/asymmetric/EdEC$Mappings.class
   JD: libs/bcprov-jdk15on.jar/org/bouncycastle/jcajce/provider/asymmetric/ElGamal$Mappings.class
   JD: libs/bcprov-jdk15on.jar/org/bouncycastle/jcajce/provider/asymmetric/NTRU$Mappings.class
   JD: libs/bcprov-jdk15on.jar/org/bouncycastle/jcajce/provider/asymmetric/RSA$Mappings.class
   JD: libs/bcprov-jdk15on.jar/org/bouncycastle/jcajce/provider/asymmetric/SPHINCSPlus$Mappings.class
   JD: libs/bcprov-jdk15on.jar/org/bouncycastle/jcajce/provider/asymmetric/compositesignatures/
   JD: libs/bcprov-jdk15on.jar/org/bouncycastle/jcajce/provider/asymmetric/compositesignatures/CompositeSignaturesConstants$CompositeName.class
   JD: libs/bcprov-jdk15on.jar/org/bouncycastle/jcajce/provider/asymmetric/compositesignatures/CompositeSignaturesConstants.class
   JD: libs/bcprov-jdk15on.jar/org/bouncycastle/jcajce/provider/asymmetric/compositesignatures/KeyFactorySpi$1.class
   JD: libs/bcprov-jdk15on.jar/org/bouncycastle/jcajce/provider/asymmetric/compositesignatures/KeyFactorySpi.class
   JD: libs/bcprov-jdk15on.jar/org/bouncycastle/jcajce/provider/asymmetric/compositesignatures/KeyPairGeneratorSpi$1.class
   JD: libs/bcprov-jdk15on.jar/org/bouncycastle/jcajce/provider/asymmetric/compositesignatures/KeyPairGeneratorSpi$Falcon512_ECDSA_P256_SHA256.class
   JD: libs/bcprov-jdk15on.jar/org/bouncycastle/jcajce/provider/asymmetric/compositesignatures/KeyPairGeneratorSpi$Falcon512_ECDSA_brainpoolP256r1_SHA256.class
   JD: libs/bcprov-jdk15on.jar/org/bouncycastle/jcajce/provider/asymmetric/compositesignatures/KeyPairGeneratorSpi$Falcon512_Ed25519_SHA512.class
   JD: libs/bcprov-jdk15on.jar/org/bouncycastle/jcajce/provider/asymmetric/compositesignatures/KeyPairGeneratorSpi$MLDSA44_ECDSA_P256_SHA256.class
   JD: libs/bcprov-jdk15on.jar/org/bouncycastle/jcajce/provider/asymmetric/compositesignatures/KeyPairGeneratorSpi$MLDSA44_ECDSA_brainpoolP256r1_SHA256.class
   JD: libs/bcprov-jdk15on.jar/org/bouncycastle/jcajce/provider/asymmetric/compositesignatures/KeyPairGeneratorSpi$MLDSA44_Ed25519_SHA512.class
   JD: libs/bcprov-jdk15on.jar/org/bouncycastle/jcajce/provider/asymmetric/compositesignatures/KeyPairGeneratorSpi$MLDSA44_RSA2048_PKCS15_SHA256.class
   JD: libs/bcprov-jdk15on.jar/org/bouncycastle/jcajce/provider/asymmetric/compositesignatures/KeyPairGeneratorSpi$MLDSA44_RSA2048_PSS_SHA256.class
   JD: libs/bcprov-jdk15on.jar/org/bouncycastle/jcajce/provider/asymmetric/compositesignatures/KeyPairGeneratorSpi$MLDSA65_ECDSA_P256_SHA512.class
   JD: libs/bcprov-jdk15on.jar/org/bouncycastle/jcajce/provider/asymmetric/compositesignatures/KeyPairGeneratorSpi$MLDSA65_ECDSA_brainpoolP256r1_SHA512.class
   JD: libs/bcprov-jdk15on.jar/org/bouncycastle/jcajce/provider/asymmetric/compositesignatures/KeyPairGeneratorSpi$MLDSA65_Ed25519_SHA512.class
   JD: libs/bcprov-jdk15on.jar/org/bouncycastle/jcajce/provider/asymmetric/compositesignatures/KeyPairGeneratorSpi$MLDSA65_RSA3072_PKCS15_SHA512.class
   JD: libs/bcprov-jdk15on.jar/org/bouncycastle/jcajce/provider/asymmetric/compositesignatures/KeyPairGeneratorSpi$MLDSA65_RSA3072_PSS_SHA512.class
   JD: libs/bcprov-jdk15on.jar/org/bouncycastle/jcajce/provider/asymmetric/compositesignatures/KeyPairGeneratorSpi$MLDSA87_ECDSA_P384_SHA512.class
   JD: libs/bcprov-jdk15on.jar/org/bouncycastle/jcajce/provider/asymmetric/compositesignatures/KeyPairGeneratorSpi$MLDSA87_ECDSA_brainpoolP384r1_SHA512.class
   JD: libs/bcprov-jdk15on.jar/org/bouncycastle/jcajce/provider/asymmetric/compositesignatures/KeyPairGeneratorSpi$MLDSA87_Ed448_SHA512.class
   JD: libs/bcprov-jdk15on.jar/org/bouncycastle/jcajce/provider/asymmetric/compositesignatures/KeyPairGeneratorSpi.class
   JD: libs/bcprov-jdk15on.jar/org/bouncycastle/jcajce/provider/asymmetric/compositesignatures/SignatureSpi$1.class
   JD: libs/bcprov-jdk15on.jar/org/bouncycastle/jcajce/provider/asymmetric/compositesignatures/SignatureSpi$Falcon512_ECDSA_P256_SHA256.class
   JD: libs/bcprov-jdk15on.jar/org/bouncycastle/jcajce/provider/asymmetric/compositesignatures/SignatureSpi$Falcon512_ECDSA_brainpoolP256r1_SHA256.class
   JD: libs/bcprov-jdk15on.jar/org/bouncycastle/jcajce/provider/asymmetric/compositesignatures/SignatureSpi$Falcon512_Ed25519_SHA512.class
   JD: libs/bcprov-jdk15on.jar/org/bouncycastle/jcajce/provider/asymmetric/compositesignatures/SignatureSpi$MLDSA44_ECDSA_P256_SHA256.class
   JD: libs/bcprov-jdk15on.jar/org/bouncycastle/jcajce/provider/asymmetric/compositesignatures/SignatureSpi$MLDSA44_ECDSA_brainpoolP256r1_SHA256.class
   JD: libs/bcprov-jdk15on.jar/org/bouncycastle/jcajce/provider/asymmetric/compositesignatures/SignatureSpi$MLDSA44_Ed25519_SHA512.class
   JD: libs/bcprov-jdk15on.jar/org/bouncycastle/jcajce/provider/asymmetric/compositesignatures/SignatureSpi$MLDSA44_RSA2048_PKCS15_SHA256.class
   JD: libs/bcprov-jdk15on.jar/org/bouncycastle/jcajce/provider/asymmetric/compositesignatures/SignatureSpi$MLDSA44_RSA2048_PSS_SHA256.class
   JD: libs/bcprov-jdk15on.jar/org/bouncycastle/jcajce/provider/asymmetric/compositesignatures/SignatureSpi$MLDSA65_ECDSA_P256_SHA512.class
   JD: libs/bcprov-jdk15on.jar/org/bouncycastle/jcajce/provider/asymmetric/compositesignatures/SignatureSpi$MLDSA65_ECDSA_brainpoolP256r1_SHA512.class
   JD: libs/bcprov-jdk15on.jar/org/bouncycastle/jcajce/provider/asymmetric/compositesignatures/SignatureSpi$MLDSA65_Ed25519_SHA512.class
   JD: libs/bcprov-jdk15on.jar/org/bouncycastle/jcajce/provider/asymmetric/compositesignatures/SignatureSpi$MLDSA65_RSA3072_PKCS15_SHA512.class
   JD: libs/bcprov-jdk15on.jar/org/bouncycastle/jcajce/provider/asymmetric/compositesignatures/SignatureSpi$MLDSA65_RSA3072_PSS_SHA512.class
   JD: libs/bcprov-jdk15on.jar/org/bouncycastle/jcajce/provider/asymmetric/compositesignatures/SignatureSpi$MLDSA87_ECDSA_P384_SHA512.class
   JD: libs/bcprov-jdk15on.jar/org/bouncycastle/jcajce/provider/asymmetric/compositesignatures/SignatureSpi$MLDSA87_ECDSA_brainpoolP384r1_SHA512.class
   JD: libs/bcprov-jdk15on.jar/org/bouncycastle/jcajce/provider/asymmetric/compositesignatures/SignatureSpi$MLDSA87_Ed448_SHA512.class
   JD: libs/bcprov-jdk15on.jar/org/bouncycastle/jcajce/provider/asymmetric/compositesignatures/SignatureSpi.class
   JD: libs/bcprov-jdk15on.jar/org/bouncycastle/jcajce/provider/asymmetric/dh/IESCipher.class
   JD: libs/bcprov-jdk15on.jar/org/bouncycastle/jcajce/provider/asymmetric/dsa/DSAUtil.class
   JD: libs/bcprov-jdk15on.jar/org/bouncycastle/jcajce/provider/asymmetric/ec/IESCipher.class
   JD: libs/bcprov-jdk15on.jar/org/bouncycastle/jcajce/provider/asymmetric/ecgost12/BCECGOST3410_2012PrivateKey.class
   JD: libs/bcprov-jdk15on.jar/org/bouncycastle/jcajce/provider/asymmetric/ecgost12/BCECGOST3410_2012PublicKey.class
   JD: libs/bcprov-jdk15on.jar/org/bouncycastle/jcajce/provider/asymmetric/ecgost12/KeyFactorySpi.class
   JD: libs/bcprov-jdk15on.jar/org/bouncycastle/jcajce/provider/asymmetric/ecgost12/KeyPairGeneratorSpi.class
   JD: libs/bcprov-jdk15on.jar/org/bouncycastle/jcajce/provider/asymmetric/edec/BCEdDSAPrivateKey.class
   JD: libs/bcprov-jdk15on.jar/org/bouncycastle/jcajce/provider/asymmetric/edec/BCEdDSAPublicKey.class
   JD: libs/bcprov-jdk15on.jar/org/bouncycastle/jcajce/provider/asymmetric/edec/BCXDHPrivateKey.class
   JD: libs/bcprov-jdk15on.jar/org/bouncycastle/jcajce/provider/asymmetric/edec/BCXDHPublicKey.class
   JD: libs/bcprov-jdk15on.jar/org/bouncycastle/jcajce/provider/asymmetric/edec/IESCipher.class
   JD: libs/bcprov-jdk15on.jar/org/bouncycastle/jcajce/provider/asymmetric/edec/KeyAgreementSpi$X25519withSHA256HKDF.class
   JD: libs/bcprov-jdk15on.jar/org/bouncycastle/jcajce/provider/asymmetric/edec/KeyAgreementSpi$X448withSHA512HKDF.class
   JD: libs/bcprov-jdk15on.jar/org/bouncycastle/jcajce/provider/asymmetric/edec/KeyAgreementSpi.class
   JD: libs/bcprov-jdk15on.jar/org/bouncycastle/jcajce/provider/asymmetric/edec/KeyFactorySpi.class
   JD: libs/bcprov-jdk15on.jar/org/bouncycastle/jcajce/provider/asymmetric/edec/KeyPairGeneratorSpi.class
   JD: libs/bcprov-jdk15on.jar/org/bouncycastle/jcajce/provider/asymmetric/edec/SignatureSpi.class
   JD: libs/bcprov-jdk15on.jar/org/bouncycastle/jcajce/provider/asymmetric/elgamal/AlgorithmParametersSpi.class
   JD: libs/bcprov-jdk15on.jar/org/bouncycastle/jcajce/provider/asymmetric/elgamal/BCElGamalPrivateKey.class
   JD: libs/bcprov-jdk15on.jar/org/bouncycastle/jcajce/provider/asymmetric/elgamal/BCElGamalPublicKey.class
   JD: libs/bcprov-jdk15on.jar/org/bouncycastle/jcajce/provider/asymmetric/elgamal/KeyFactorySpi.class
   JD: libs/bcprov-jdk15on.jar/org/bouncycastle/jcajce/provider/asymmetric/gost/BCGOST3410PrivateKey.class
   JD: libs/bcprov-jdk15on.jar/org/bouncycastle/jcajce/provider/asymmetric/ies/AlgorithmParametersSpi.class
   JD: libs/bcprov-jdk15on.jar/org/bouncycastle/jcajce/provider/asymmetric/rsa/CipherSpi$PKCS1v1_5Padding.class
   JD: libs/bcprov-jdk15on.jar/org/bouncycastle/jcajce/provider/asymmetric/rsa/CipherSpi$PKCS1v1_5Padding_PrivateOnly.class
   JD: libs/bcprov-jdk15on.jar/org/bouncycastle/jcajce/provider/asymmetric/rsa/CipherSpi$PKCS1v1_5Padding_PublicOnly.class
   JD: libs/bcprov-jdk15on.jar/org/bouncycastle/jcajce/provider/asymmetric/rsa/CipherSpi.class
   JD: libs/bcprov-jdk15on.jar/org/bouncycastle/jcajce/provider/asymmetric/rsa/CustomPKCS1Encoding.class
   JD: libs/bcprov-jdk15on.jar/org/bouncycastle/jcajce/provider/asymmetric/rsa/DigestSignatureSpi$SHA1.class
   JD: libs/bcprov-jdk15on.jar/org/bouncycastle/jcajce/provider/asymmetric/rsa/PSSSignatureSpi$SHA256withRSA.class
   JD: libs/bcprov-jdk15on.jar/org/bouncycastle/jcajce/provider/asymmetric/rsa/PSSSignatureSpi.class
   JD: libs/bcprov-jdk15on.jar/org/bouncycastle/jcajce/provider/asymmetric/util/BaseAgreementSpi.class
   JD: libs/bcprov-jdk15on.jar/org/bouncycastle/jcajce/provider/asymmetric/util/DESUtil.class
   JD: libs/bcprov-jdk15on.jar/org/bouncycastle/jcajce/provider/asymmetric/x509/X509CRLImpl.class
   JD: libs/bcprov-jdk15on.jar/org/bouncycastle/jcajce/provider/asymmetric/x509/X509CertificateImpl.class
   JD: libs/bcprov-jdk15on.jar/org/bouncycastle/jcajce/provider/asymmetric/x509/X509SignatureUtil.class
   JD: libs/bcprov-jdk15on.jar/org/bouncycastle/jcajce/provider/digest/Blake2b$Mappings.class
   JD: libs/bcprov-jdk15on.jar/org/bouncycastle/jcajce/provider/digest/Blake2s$Mappings.class
   JD: libs/bcprov-jdk15on.jar/org/bouncycastle/jcajce/provider/digest/Blake3$Mappings.class
   JD: libs/bcprov-jdk15on.jar/org/bouncycastle/jcajce/provider/digest/GOST3411$Mappings.class
   JD: libs/bcprov-jdk15on.jar/org/bouncycastle/jcajce/provider/digest/MD5$Mappings.class
   JD: libs/bcprov-jdk15on.jar/org/bouncycastle/jcajce/provider/digest/RIPEMD160$Mappings.class
   JD: libs/bcprov-jdk15on.jar/org/bouncycastle/jcajce/provider/digest/SHA1$Mappings.class
   JD: libs/bcprov-jdk15on.jar/org/bouncycastle/jcajce/provider/digest/Tiger$Mappings.class
   JD: libs/bcprov-jdk15on.jar/org/bouncycastle/jcajce/provider/digest/Whirlpool$Mappings.class
   JD: libs/bcprov-jdk15on.jar/org/bouncycastle/jcajce/provider/keystore/PKCS12$Mappings.class
   JD: libs/bcprov-jdk15on.jar/org/bouncycastle/jcajce/provider/keystore/bcfks/BcFKSKeyStoreSpi.class
   JD: libs/bcprov-jdk15on.jar/org/bouncycastle/jcajce/provider/keystore/pkcs12/PKCS12KeyStoreSpi$BCPKCS12KeyStoreAES256.class
   JD: libs/bcprov-jdk15on.jar/org/bouncycastle/jcajce/provider/keystore/pkcs12/PKCS12KeyStoreSpi$BCPKCS12KeyStoreAES256GCM.class
   JD: libs/bcprov-jdk15on.jar/org/bouncycastle/jcajce/provider/keystore/pkcs12/PKCS12KeyStoreSpi$DefPKCS12KeyStoreAES256.class
   JD: libs/bcprov-jdk15on.jar/org/bouncycastle/jcajce/provider/keystore/pkcs12/PKCS12KeyStoreSpi$DefPKCS12KeyStoreAES256GCM.class
   JD: libs/bcprov-jdk15on.jar/org/bouncycastle/jcajce/provider/keystore/pkcs12/PKCS12KeyStoreSpi$DefaultSecretKeyProvider.class
   JD: libs/bcprov-jdk15on.jar/org/bouncycastle/jcajce/provider/keystore/pkcs12/PKCS12KeyStoreSpi.class
   JD: libs/bcprov-jdk15on.jar/org/bouncycastle/jcajce/provider/symmetric/ARIA$Mappings.class
   JD: libs/bcprov-jdk15on.jar/org/bouncycastle/jcajce/provider/symmetric/Blowfish$Mappings.class
   JD: libs/bcprov-jdk15on.jar/org/bouncycastle/jcajce/provider/symmetric/CAST5$AlgParams.class
   JD: libs/bcprov-jdk15on.jar/org/bouncycastle/jcajce/provider/symmetric/CAST5$Mappings.class
   JD: libs/bcprov-jdk15on.jar/org/bouncycastle/jcajce/provider/symmetric/Camellia$Mappings.class
   JD: libs/bcprov-jdk15on.jar/org/bouncycastle/jcajce/provider/symmetric/DES$Mappings.class
   JD: libs/bcprov-jdk15on.jar/org/bouncycastle/jcajce/provider/symmetric/DESede$Mappings.class
   JD: libs/bcprov-jdk15on.jar/org/bouncycastle/jcajce/provider/symmetric/GOST28147.class
   JD: libs/bcprov-jdk15on.jar/org/bouncycastle/jcajce/provider/symmetric/IDEA$AlgParams.class
   JD: libs/bcprov-jdk15on.jar/org/bouncycastle/jcajce/provider/symmetric/IDEA$Mappings.class
   JD: libs/bcprov-jdk15on.jar/org/bouncycastle/jcajce/provider/symmetric/SCRYPT$BasePBKDF2.class
   JD: libs/bcprov-jdk15on.jar/org/bouncycastle/jcajce/provider/symmetric/SCRYPT$Mappings.class
   JD: libs/bcprov-jdk15on.jar/org/bouncycastle/jcajce/provider/symmetric/SEED$Mappings.class
   JD: libs/bcprov-jdk15on.jar/org/bouncycastle/jcajce/provider/symmetric/Serpent$Mappings.class
   JD: libs/bcprov-jdk15on.jar/org/bouncycastle/jcajce/provider/symmetric/util/ClassUtil$1.class
   JD: libs/bcprov-jdk15on.jar/org/bouncycastle/jcajce/provider/util/DigestFactory.class
   JD: libs/bcprov-jdk15on.jar/org/bouncycastle/jcajce/provider/util/SecretKeyUtil.class
   JD: libs/bcprov-jdk15on.jar/org/bouncycastle/jcajce/spec/CompositeAlgorithmSpec$Builder.class
   JD: libs/bcprov-jdk15on.jar/org/bouncycastle/jcajce/spec/EdDSAParameterSpec.class
   JD: libs/bcprov-jdk15on.jar/org/bouncycastle/jcajce/spec/GOST28147ParameterSpec.class
   JD: libs/bcprov-jdk15on.jar/org/bouncycastle/jcajce/spec/GOST28147WrapParameterSpec.class
   JD: libs/bcprov-jdk15on.jar/org/bouncycastle/jcajce/spec/GOST3410ParameterSpec.class
   JD: libs/bcprov-jdk15on.jar/org/bouncycastle/jcajce/spec/HybridValueParameterSpec.class
   JD: libs/bcprov-jdk15on.jar/org/bouncycastle/jcajce/spec/KEMExtractSpec.class
   JD: libs/bcprov-jdk15on.jar/org/bouncycastle/jcajce/spec/KEMGenerateSpec.class
   JD: libs/bcprov-jdk15on.jar/org/bouncycastle/jcajce/spec/KEMParameterSpec.class
   JD: libs/bcprov-jdk15on.jar/org/bouncycastle/jcajce/spec/KTSParameterSpec$Builder.class
   JD: libs/bcprov-jdk15on.jar/org/bouncycastle/jcajce/spec/TLSRSAPremasterSecretParameterSpec.class
   JD: libs/bcprov-jdk15on.jar/org/bouncycastle/jcajce/spec/XDHParameterSpec.class
   JD: libs/bcprov-jdk15on.jar/org/bouncycastle/jcajce/util/JcaJceUtils.class
   JD: libs/bcprov-jdk15on.jar/org/bouncycastle/jcajce/util/MessageDigestUtils.class
   JD: libs/bcprov-jdk15on.jar/org/bouncycastle/jce/PKCS10CertificationRequest.class
   JD: libs/bcprov-jdk15on.jar/org/bouncycastle/jce/netscape/NetscapeCertRequest.class
   JD: libs/bcprov-jdk15on.jar/org/bouncycastle/jce/provider/BouncyCastleProvider.class
   JD: libs/bcprov-jdk15on.jar/org/bouncycastle/jce/provider/CertPathValidatorUtilities.class
   JD: libs/bcprov-jdk15on.jar/org/bouncycastle/jce/provider/JCEElGamalPrivateKey.class
   JD: libs/bcprov-jdk15on.jar/org/bouncycastle/jce/provider/JCEElGamalPublicKey.class
   JD: libs/bcprov-jdk15on.jar/org/bouncycastle/jce/provider/OcspCache.class
   JD: libs/bcprov-jdk15on.jar/org/bouncycastle/jce/provider/PKIXAttrCertPathBuilderSpi.class
   JD: libs/bcprov-jdk15on.jar/org/bouncycastle/jce/provider/PKIXCRLUtil.class
   JD: libs/bcprov-jdk15on.jar/org/bouncycastle/jce/provider/ProvOcspRevocationChecker.class
   JD: libs/bcprov-jdk15on.jar/org/bouncycastle/jce/provider/ProvRevocationChecker.class
   JD: libs/bcprov-jdk15on.jar/org/bouncycastle/jce/provider/RFC3280CertPathUtilities.class
   JD: libs/bcprov-jdk15on.jar/org/bouncycastle/jce/provider/RFC3281CertPathUtilities.class
   JD: libs/bcprov-jdk15on.jar/org/bouncycastle/jce/provider/X509CertificateObject.class
   JD: libs/bcprov-jdk15on.jar/org/bouncycastle/jce/provider/X509LDAPCertStoreSpi.class
   JD: libs/bcprov-jdk15on.jar/org/bouncycastle/jce/provider/X509SignatureUtil.class
   JD: libs/bcprov-jdk15on.jar/org/bouncycastle/jce/spec/GOST3410ParameterSpec.class
   JD: libs/bcprov-jdk15on.jar/org/bouncycastle/math/ec/ECCurve$AbstractF2m.class
   JD: libs/bcprov-jdk15on.jar/org/bouncycastle/math/ec/rfc7748/X25519Field.class
   JD: libs/bcprov-jdk15on.jar/org/bouncycastle/math/ec/rfc8032/Ed25519.class
   JD: libs/bcprov-jdk15on.jar/org/bouncycastle/math/ec/rfc8032/Ed448.class
   JD: libs/bcprov-jdk15on.jar/org/bouncycastle/math/ec/rfc8032/Scalar25519.class
   JD: libs/bcprov-jdk15on.jar/org/bouncycastle/math/ec/rfc8032/Scalar448.class
   JD: libs/bcprov-jdk15on.jar/org/bouncycastle/math/ec/rfc8032/ScalarUtil.class
   JD: libs/bcprov-jdk15on.jar/org/bouncycastle/math/ec/tools/DiscoverEndomorphisms.class
   JD: libs/bcprov-jdk15on.jar/org/bouncycastle/math/ec/tools/F2mSqrtOptimizer.class
   JD: libs/bcprov-jdk15on.jar/org/bouncycastle/math/ec/tools/TraceOptimizer.class
   JD: libs/bcprov-jdk15on.jar/org/bouncycastle/math/raw/Mod.class
   JD: libs/bcprov-jdk15on.jar/org/bouncycastle/math/raw/Nat.class
   JD: libs/bcprov-jdk15on.jar/org/bouncycastle/pqc/crypto/bike/BIKEEngine.class
   JD: libs/bcprov-jdk15on.jar/org/bouncycastle/pqc/crypto/bike/BIKEUtils.class
   JD: libs/bcprov-jdk15on.jar/org/bouncycastle/pqc/crypto/crystals/dilithium/DilithiumEngine.class
   JD: libs/bcprov-jdk15on.jar/org/bouncycastle/pqc/crypto/crystals/dilithium/DilithiumParameters.class
   JD: libs/bcprov-jdk15on.jar/org/bouncycastle/pqc/crypto/crystals/dilithium/DilithiumPrivateKeyParameters.class
   JD: libs/bcprov-jdk15on.jar/org/bouncycastle/pqc/crypto/crystals/dilithium/Packing.class
   JD: libs/bcprov-jdk15on.jar/org/bouncycastle/pqc/crypto/crystals/dilithium/Symmetric$AesSymmetric.class
   JD: libs/bcprov-jdk15on.jar/org/bouncycastle/pqc/crypto/crystals/kyber/KyberEngine.class
   JD: libs/bcprov-jdk15on.jar/org/bouncycastle/pqc/crypto/crystals/kyber/KyberIndCpa.class
   JD: libs/bcprov-jdk15on.jar/org/bouncycastle/pqc/crypto/crystals/kyber/KyberParameters.class
   JD: libs/bcprov-jdk15on.jar/org/bouncycastle/pqc/crypto/crystals/kyber/KyberPrivateKeyParameters.class
   JD: libs/bcprov-jdk15on.jar/org/bouncycastle/pqc/crypto/crystals/kyber/Poly.class
   JD: libs/bcprov-jdk15on.jar/org/bouncycastle/pqc/crypto/crystals/kyber/PolyVec.class
   JD: libs/bcprov-jdk15on.jar/org/bouncycastle/pqc/crypto/crystals/kyber/Symmetric$AesSymmetric.class
   JD: libs/bcprov-jdk15on.jar/org/bouncycastle/pqc/crypto/lms/DigestUtil$WrapperDigest.class
   JD: libs/bcprov-jdk15on.jar/org/bouncycastle/pqc/crypto/lms/DigestUtil.class
   JD: libs/bcprov-jdk15on.jar/org/bouncycastle/pqc/crypto/lms/HSSPublicKeyParameters.class
   JD: libs/bcprov-jdk15on.jar/org/bouncycastle/pqc/crypto/lms/HSSSignature.class
   JD: libs/bcprov-jdk15on.jar/org/bouncycastle/pqc/crypto/lms/LMOtsPrivateKey.class
   JD: libs/bcprov-jdk15on.jar/org/bouncycastle/pqc/crypto/lms/LMOtsPublicKey.class
   JD: libs/bcprov-jdk15on.jar/org/bouncycastle/pqc/crypto/lms/LMSContext.class
   JD: libs/bcprov-jdk15on.jar/org/bouncycastle/pqc/crypto/lms/LMSException.class
   JD: libs/bcprov-jdk15on.jar/org/bouncycastle/pqc/crypto/lms/LMSPrivateKeyParameters.class
   JD: libs/bcprov-jdk15on.jar/org/bouncycastle/pqc/crypto/ntru/NTRUParameters.class
   JD: libs/bcprov-jdk15on.jar/org/bouncycastle/pqc/crypto/ntruprime/NTRULPRimeParameters.class
   JD: libs/bcprov-jdk15on.jar/org/bouncycastle/pqc/crypto/ntruprime/SNTRUPrimeParameters.class
   JD: libs/bcprov-jdk15on.jar/org/bouncycastle/pqc/crypto/saber/Symmetric$AesSymmetric.class
   JD: libs/bcprov-jdk15on.jar/org/bouncycastle/pqc/crypto/sphincsplus/SPHINCSPlusEngine$HarakaSEngine.class
   JD: libs/bcprov-jdk15on.jar/org/bouncycastle/pqc/crypto/sphincsplus/SPHINCSPlusEngine$Sha2Engine.class
   JD: libs/bcprov-jdk15on.jar/org/bouncycastle/pqc/crypto/sphincsplus/SPHINCSPlusEngine$Shake256Engine.class
   JD: libs/bcprov-jdk15on.jar/org/bouncycastle/pqc/crypto/sphincsplus/SPHINCSPlusEngine.class
   JD: libs/bcprov-jdk15on.jar/org/bouncycastle/pqc/crypto/sphincsplus/SPHINCSPlusParameters.class
   JD: libs/bcprov-jdk15on.jar/org/bouncycastle/pqc/crypto/sphincsplus/SPHINCSPlusPrivateKeyParameters.class
   JD: libs/bcprov-jdk15on.jar/org/bouncycastle/pqc/crypto/sphincsplus/SPHINCSPlusPublicKeyParameters.class
   JD: libs/bcprov-jdk15on.jar/org/bouncycastle/pqc/crypto/util/PrivateKeyFactory.class
   JD: libs/bcprov-jdk15on.jar/org/bouncycastle/pqc/crypto/util/PrivateKeyInfoFactory.class
   JD: libs/bcprov-jdk15on.jar/org/bouncycastle/pqc/crypto/util/PublicKeyFactory$BIKEConverter.class
   JD: libs/bcprov-jdk15on.jar/org/bouncycastle/pqc/crypto/util/PublicKeyFactory$DilithiumConverter.class
   JD: libs/bcprov-jdk15on.jar/org/bouncycastle/pqc/crypto/util/PublicKeyFactory$KyberConverter.class
   JD: libs/bcprov-jdk15on.jar/org/bouncycastle/pqc/crypto/util/PublicKeyFactory$SPHINCSPlusConverter.class
   JD: libs/bcprov-jdk15on.jar/org/bouncycastle/pqc/crypto/util/PublicKeyFactory.class
   JD: libs/bcprov-jdk15on.jar/org/bouncycastle/pqc/crypto/util/SubjectPublicKeyInfoFactory.class
   JD: libs/bcprov-jdk15on.jar/org/bouncycastle/pqc/crypto/util/Utils.class
   JD: libs/bcprov-jdk15on.jar/org/bouncycastle/pqc/crypto/xmss/DigestUtil.class
   JD: libs/bcprov-jdk15on.jar/org/bouncycastle/pqc/crypto/xwing/
   JD: libs/bcprov-jdk15on.jar/org/bouncycastle/pqc/crypto/xwing/XWingKEMExtractor.class
   JD: libs/bcprov-jdk15on.jar/org/bouncycastle/pqc/crypto/xwing/XWingKEMGenerator.class
   JD: libs/bcprov-jdk15on.jar/org/bouncycastle/pqc/crypto/xwing/XWingKeyGenerationParameters.class
   JD: libs/bcprov-jdk15on.jar/org/bouncycastle/pqc/crypto/xwing/XWingKeyPairGenerator.class
   JD: libs/bcprov-jdk15on.jar/org/bouncycastle/pqc/crypto/xwing/XWingKeyParameters.class
   JD: libs/bcprov-jdk15on.jar/org/bouncycastle/pqc/crypto/xwing/XWingPrivateKeyParameters.class
   JD: libs/bcprov-jdk15on.jar/org/bouncycastle/pqc/crypto/xwing/XWingPublicKeyParameters.class
   JD: libs/bcprov-jdk15on.jar/org/bouncycastle/pqc/jcajce/provider/BouncyCastlePQCProvider.class
   JD: libs/bcprov-jdk15on.jar/org/bouncycastle/pqc/jcajce/provider/Dilithium$Mappings.class
   JD: libs/bcprov-jdk15on.jar/org/bouncycastle/pqc/jcajce/provider/Kyber$Mappings.class
   JD: libs/bcprov-jdk15on.jar/org/bouncycastle/pqc/jcajce/provider/NTRUPrime$Mappings.class
   JD: libs/bcprov-jdk15on.jar/org/bouncycastle/pqc/jcajce/provider/SPHINCSPlus$Mappings.class
   JD: libs/bcprov-jdk15on.jar/org/bouncycastle/pqc/jcajce/provider/XMSS$Mappings.class
   JD: libs/bcprov-jdk15on.jar/org/bouncycastle/pqc/jcajce/provider/dilithium/DilithiumKeyPairGeneratorSpi$Base2_AES.class.removed
   JD: libs/bcprov-jdk15on.jar/org/bouncycastle/pqc/jcajce/provider/dilithium/DilithiumKeyPairGeneratorSpi$Base3_AES.class.removed
   JD: libs/bcprov-jdk15on.jar/org/bouncycastle/pqc/jcajce/provider/dilithium/DilithiumKeyPairGeneratorSpi$Base5_AES.class.removed
   JD: libs/bcprov-jdk15on.jar/org/bouncycastle/pqc/jcajce/provider/dilithium/DilithiumKeyPairGeneratorSpi.class
   JD: libs/bcprov-jdk15on.jar/org/bouncycastle/pqc/jcajce/provider/dilithium/SignatureSpi$Base2_AES.class.removed
   JD: libs/bcprov-jdk15on.jar/org/bouncycastle/pqc/jcajce/provider/dilithium/SignatureSpi$Base3_AES.class.removed
   JD: libs/bcprov-jdk15on.jar/org/bouncycastle/pqc/jcajce/provider/dilithium/SignatureSpi$Base5_AES.class.removed
   JD: libs/bcprov-jdk15on.jar/org/bouncycastle/pqc/jcajce/provider/dilithium/SignatureSpi.class
   JD: libs/bcprov-jdk15on.jar/org/bouncycastle/pqc/jcajce/provider/kyber/KyberCipherSpi$Kyber1024_AES.class.removed
   JD: libs/bcprov-jdk15on.jar/org/bouncycastle/pqc/jcajce/provider/kyber/KyberCipherSpi$Kyber512_AES.class.removed
   JD: libs/bcprov-jdk15on.jar/org/bouncycastle/pqc/jcajce/provider/kyber/KyberCipherSpi$Kyber768_AES.class.removed
   JD: libs/bcprov-jdk15on.jar/org/bouncycastle/pqc/jcajce/provider/kyber/KyberCipherSpi.class
   JD: libs/bcprov-jdk15on.jar/org/bouncycastle/pqc/jcajce/provider/kyber/KyberKeyGeneratorSpi$Kyber1024_AES.class.removed
   JD: libs/bcprov-jdk15on.jar/org/bouncycastle/pqc/jcajce/provider/kyber/KyberKeyGeneratorSpi$Kyber512_AES.class.removed
   JD: libs/bcprov-jdk15on.jar/org/bouncycastle/pqc/jcajce/provider/kyber/KyberKeyGeneratorSpi$Kyber768_AES.class.removed
   JD: libs/bcprov-jdk15on.jar/org/bouncycastle/pqc/jcajce/provider/kyber/KyberKeyGeneratorSpi.class
   JD: libs/bcprov-jdk15on.jar/org/bouncycastle/pqc/jcajce/provider/kyber/KyberKeyPairGeneratorSpi$Kyber1024_AES.class.removed
   JD: libs/bcprov-jdk15on.jar/org/bouncycastle/pqc/jcajce/provider/kyber/KyberKeyPairGeneratorSpi$Kyber512_AES.class.removed
   JD: libs/bcprov-jdk15on.jar/org/bouncycastle/pqc/jcajce/provider/kyber/KyberKeyPairGeneratorSpi$Kyber768_AES.class.removed
   JD: libs/bcprov-jdk15on.jar/org/bouncycastle/pqc/jcajce/provider/kyber/KyberKeyPairGeneratorSpi.class
   JD: libs/bcprov-jdk15on.jar/org/bouncycastle/pqc/jcajce/provider/lms/DigestUtil.class
   JD: libs/bcprov-jdk15on.jar/org/bouncycastle/pqc/jcajce/provider/lms/LMSSignatureSpi.class
   JD: libs/bcprov-jdk15on.jar/org/bouncycastle/pqc/jcajce/provider/mceliece/Utils.class
   JD: libs/bcprov-jdk15on.jar/org/bouncycastle/pqc/jcajce/provider/ntru/NTRUCipherSpi.class
   JD: libs/bcprov-jdk15on.jar/org/bouncycastle/pqc/jcajce/provider/ntru/NTRUKeyGeneratorSpi.class
   JD: libs/bcprov-jdk15on.jar/org/bouncycastle/pqc/jcajce/provider/ntru/NTRUKeyPairGeneratorSpi.class
   JD: libs/bcprov-jdk15on.jar/org/bouncycastle/pqc/jcajce/provider/ntruprime/NTRULPRimeCipherSpi.class
   JD: libs/bcprov-jdk15on.jar/org/bouncycastle/pqc/jcajce/provider/ntruprime/SNTRUPrimeCipherSpi.class
   JD: libs/bcprov-jdk15on.jar/org/bouncycastle/pqc/jcajce/provider/sphincsplus/BCSPHINCSPlusPublicKey.class
   JD: libs/bcprov-jdk15on.jar/org/bouncycastle/pqc/jcajce/provider/sphincsplus/SPHINCSPlusKeyPairGeneratorSpi$Sha2_128f.class
   JD: libs/bcprov-jdk15on.jar/org/bouncycastle/pqc/jcajce/provider/sphincsplus/SPHINCSPlusKeyPairGeneratorSpi$Sha2_128s.class
   JD: libs/bcprov-jdk15on.jar/org/bouncycastle/pqc/jcajce/provider/sphincsplus/SPHINCSPlusKeyPairGeneratorSpi$Sha2_192f.class
   JD: libs/bcprov-jdk15on.jar/org/bouncycastle/pqc/jcajce/provider/sphincsplus/SPHINCSPlusKeyPairGeneratorSpi$Sha2_192s.class
   JD: libs/bcprov-jdk15on.jar/org/bouncycastle/pqc/jcajce/provider/sphincsplus/SPHINCSPlusKeyPairGeneratorSpi$Sha2_256f.class
   JD: libs/bcprov-jdk15on.jar/org/bouncycastle/pqc/jcajce/provider/sphincsplus/SPHINCSPlusKeyPairGeneratorSpi$Sha2_256s.class
   JD: libs/bcprov-jdk15on.jar/org/bouncycastle/pqc/jcajce/provider/sphincsplus/SPHINCSPlusKeyPairGeneratorSpi$Shake_128f.class
   JD: libs/bcprov-jdk15on.jar/org/bouncycastle/pqc/jcajce/provider/sphincsplus/SPHINCSPlusKeyPairGeneratorSpi$Shake_128s.class
   JD: libs/bcprov-jdk15on.jar/org/bouncycastle/pqc/jcajce/provider/sphincsplus/SPHINCSPlusKeyPairGeneratorSpi$Shake_192f.class
   JD: libs/bcprov-jdk15on.jar/org/bouncycastle/pqc/jcajce/provider/sphincsplus/SPHINCSPlusKeyPairGeneratorSpi$Shake_192s.class
   JD: libs/bcprov-jdk15on.jar/org/bouncycastle/pqc/jcajce/provider/sphincsplus/SPHINCSPlusKeyPairGeneratorSpi$Shake_256f.class
   JD: libs/bcprov-jdk15on.jar/org/bouncycastle/pqc/jcajce/provider/sphincsplus/SPHINCSPlusKeyPairGeneratorSpi$Shake_256s.class
   JD: libs/bcprov-jdk15on.jar/org/bouncycastle/pqc/jcajce/provider/sphincsplus/SPHINCSPlusKeyPairGeneratorSpi.class
   JD: libs/bcprov-jdk15on.jar/org/bouncycastle/pqc/jcajce/provider/util/WrapUtil.class
   JD: libs/bcprov-jdk15on.jar/org/bouncycastle/pqc/jcajce/provider/xmss/DigestUtil$DoubleDigest.class
   JD: libs/bcprov-jdk15on.jar/org/bouncycastle/pqc/jcajce/provider/xmss/DigestUtil.class
   JD: libs/bcprov-jdk15on.jar/org/bouncycastle/pqc/jcajce/provider/xmss/XMSSMTSignatureSpi$withShake128_512andPrehash.class
   JD: libs/bcprov-jdk15on.jar/org/bouncycastle/pqc/jcajce/provider/xmss/XMSSMTSignatureSpi$withShake256_1024andPrehash.class
   JD: libs/bcprov-jdk15on.jar/org/bouncycastle/pqc/jcajce/provider/xmss/XMSSMTSignatureSpi.class
   JD: libs/bcprov-jdk15on.jar/org/bouncycastle/pqc/jcajce/provider/xmss/XMSSSignatureSpi$withShake128_512andPrehash.class
   JD: libs/bcprov-jdk15on.jar/org/bouncycastle/pqc/jcajce/provider/xmss/XMSSSignatureSpi$withShake128andPrehash.class
   JD: libs/bcprov-jdk15on.jar/org/bouncycastle/pqc/jcajce/provider/xmss/XMSSSignatureSpi$withShake256_1024andPrehash.class
   JD: libs/bcprov-jdk15on.jar/org/bouncycastle/pqc/jcajce/provider/xmss/XMSSSignatureSpi.class
   JD: libs/bcprov-jdk15on.jar/org/bouncycastle/pqc/jcajce/spec/DilithiumParameterSpec.class
   JD: libs/bcprov-jdk15on.jar/org/bouncycastle/pqc/jcajce/spec/KyberParameterSpec.class
   JD: libs/bcprov-jdk15on.jar/org/bouncycastle/pqc/jcajce/spec/NTRUParameterSpec.class
   JD: libs/bcprov-jdk15on.jar/org/bouncycastle/pqc/jcajce/spec/SPHINCSPlusParameterSpec.class
   JD: libs/bcprov-jdk15on.jar/org/bouncycastle/pqc/legacy/math/linearalgebra/ByteUtils.class
   JD: libs/bcprov-jdk15on.jar/org/bouncycastle/pqc/math/ntru/HPSPolynomial.class
   JD: libs/bcprov-jdk15on.jar/org/bouncycastle/pqc/math/ntru/HRSS1373Polynomial.class
   JD: libs/bcprov-jdk15on.jar/org/bouncycastle/pqc/math/ntru/HRSSPolynomial.class
   JD: libs/bcprov-jdk15on.jar/org/bouncycastle/pqc/math/ntru/Polynomial.class
   JD: libs/bcprov-jdk15on.jar/org/bouncycastle/pqc/math/ntru/parameters/NTRUHPS2048509.class
   JD: libs/bcprov-jdk15on.jar/org/bouncycastle/pqc/math/ntru/parameters/NTRUHPS2048677.class
   JD: libs/bcprov-jdk15on.jar/org/bouncycastle/pqc/math/ntru/parameters/NTRUHPS40961229.class
   JD: libs/bcprov-jdk15on.jar/org/bouncycastle/pqc/math/ntru/parameters/NTRUHRSS1373.class
   JD: libs/bcprov-jdk15on.jar/org/bouncycastle/pqc/math/ntru/parameters/NTRUHRSS701.class
   JD: libs/bcprov-jdk15on.jar/org/bouncycastle/pqc/math/ntru/parameters/NTRUHRSSParameterSet.class
   JD: libs/bcprov-jdk15on.jar/org/bouncycastle/util/Arrays.class
   JD: libs/bcprov-jdk15on.jar/org/bouncycastle/util/BigIntegers.class
   JD: libs/bcprov-jdk15on.jar/org/bouncycastle/util/Bytes.class
   JD: libs/bcprov-jdk15on.jar/org/bouncycastle/util/io/LimitedBuffer.class
   JD: libs/bcprov-jdk15on.jar/org/bouncycastle/util/io/pem/PemReader.class
   JD: libs/bcprov-jdk15on.jar/org/bouncycastle/util/test/SimpleTest$TestExceptionOperation.class
   JD: libs/bcprov-jdk15on.jar/org/bouncycastle/util/test/SimpleTest.class
   JD: libs/bcprov-jdk15on.jar/org/bouncycastle/x509/X509Util.class
   JD: libs/bcprov-jdk15on.jar/org/bouncycastle/x509/util/LDAPStoreHelper.class
   JD: libs/bctls-jdk15on.jar/META-INF/BC1024KE.DSA
   JD: libs/bctls-jdk15on.jar/META-INF/BC1024KE.SF
   JD: libs/bctls-jdk15on.jar/META-INF/BC2048KE.DSA
   JD: libs/bctls-jdk15on.jar/META-INF/BC2048KE.SF
   JD: libs/bctls-jdk15on.jar/META-INF/MANIFEST.MF
   JD: libs/bctls-jdk15on.jar/org/bouncycastle/jsse/provider/BouncyCastleJsseProvider.class
   JD: libs/bctls-jdk15on.jar/org/bouncycastle/jsse/provider/FipsUtils.class
   JD: libs/bctls-jdk15on.jar/org/bouncycastle/jsse/provider/JsseUtils.class
   JD: libs/bctls-jdk15on.jar/org/bouncycastle/jsse/provider/NamedGroupInfo$All.class
   JD: libs/bctls-jdk15on.jar/org/bouncycastle/jsse/provider/NamedGroupInfo$PerConnection.class
   JD: libs/bctls-jdk15on.jar/org/bouncycastle/jsse/provider/NamedGroupInfo.class
   JD: libs/bctls-jdk15on.jar/org/bouncycastle/jsse/provider/ProvSSLContextSpi.class
   JD: libs/bctls-jdk15on.jar/org/bouncycastle/jsse/provider/ProvSSLEngine.class
   JD: libs/bctls-jdk15on.jar/org/bouncycastle/jsse/provider/ProvSSLSocketDirect.class
   JD: libs/bctls-jdk15on.jar/org/bouncycastle/jsse/provider/ProvSSLSocketWrap.class
   JD: libs/bctls-jdk15on.jar/org/bouncycastle/jsse/provider/ProvTlsClient.class
   JD: libs/bctls-jdk15on.jar/org/bouncycastle/jsse/provider/ProvTlsServer.class
   JD: libs/bctls-jdk15on.jar/org/bouncycastle/jsse/provider/ProvX509TrustManager.class
   JD: libs/bctls-jdk15on.jar/org/bouncycastle/jsse/provider/SignatureSchemeInfo.class
   JD: libs/bctls-jdk15on.jar/org/bouncycastle/jsse/util/SetHostSocketFactory.class
   JD: libs/bctls-jdk15on.jar/org/bouncycastle/jsse/util/URLConnectionUtil.class
   JD: libs/bctls-jdk15on.jar/org/bouncycastle/tls/AbstractTlsServer.class
   JD: libs/bctls-jdk15on.jar/org/bouncycastle/tls/DTLSProtocol.class
   JD: libs/bctls-jdk15on.jar/org/bouncycastle/tls/DTLSRecordLayer.class
   JD: libs/bctls-jdk15on.jar/org/bouncycastle/tls/DefaultTlsClient.class
   JD: libs/bctls-jdk15on.jar/org/bouncycastle/tls/DefaultTlsServer.class
   JD: libs/bctls-jdk15on.jar/org/bouncycastle/tls/NamedGroup.class
   JD: libs/bctls-jdk15on.jar/org/bouncycastle/tls/NamedGroupRole.class
   JD: libs/bctls-jdk15on.jar/org/bouncycastle/tls/SecurityParameters.class
   JD: libs/bctls-jdk15on.jar/org/bouncycastle/tls/TlsServerProtocol.class
   JD: libs/bctls-jdk15on.jar/org/bouncycastle/tls/TlsUtils.class
   JD: libs/bctls-jdk15on.jar/org/bouncycastle/tls/crypto/TlsCrypto.class
   JD: libs/bctls-jdk15on.jar/org/bouncycastle/tls/crypto/TlsKemConfig.class
   JD: libs/bctls-jdk15on.jar/org/bouncycastle/tls/crypto/TlsKemDomain.class
   JD: libs/bctls-jdk15on.jar/org/bouncycastle/tls/crypto/impl/bc/BcDefaultTlsCredentialedDecryptor.class
   JD: libs/bctls-jdk15on.jar/org/bouncycastle/tls/crypto/impl/bc/BcTlsCrypto.class
   JD: libs/bctls-jdk15on.jar/org/bouncycastle/tls/crypto/impl/bc/BcTlsMLKem.class
   JD: libs/bctls-jdk15on.jar/org/bouncycastle/tls/crypto/impl/bc/BcTlsMLKemDomain.class
   JD: libs/bctls-jdk15on.jar/org/bouncycastle/tls/crypto/impl/bc/BcTlsRSAPSSSigner.class
   JD: libs/bctls-jdk15on.jar/org/bouncycastle/tls/crypto/impl/bc/BcTlsRSAPSSVerifier.class
   JD: libs/bctls-jdk15on.jar/org/bouncycastle/tls/crypto/impl/jcajce/GCMUtil$2.class
   JD: libs/bctls-jdk15on.jar/org/bouncycastle/tls/crypto/impl/jcajce/JcaTlsCrypto.class
   JD: libs/bctls-jdk15on.jar/org/bouncycastle/tls/crypto/impl/jcajce/JcaTlsCryptoProvider.class
   JD: libs/bctls-jdk15on.jar/org/bouncycastle/tls/crypto/impl/jcajce/JceDefaultTlsCredentialedDecryptor.class
   JD: libs/bctls-jdk15on.jar/org/bouncycastle/tls/crypto/impl/jcajce/JceTlsMLKem.class
   JD: libs/bctls-jdk15on.jar/org/bouncycastle/tls/crypto/impl/jcajce/JceTlsMLKemDomain.class
   JD: libs/bcutil-jdk15on.jar/META-INF/BC1024KE.DSA
   JD: libs/bcutil-jdk15on.jar/META-INF/BC1024KE.SF
   JD: libs/bcutil-jdk15on.jar/META-INF/BC2048KE.DSA
   JD: libs/bcutil-jdk15on.jar/META-INF/BC2048KE.SF
   JD: libs/bcutil-jdk15on.jar/META-INF/MANIFEST.MF
   JD: libs/bcutil-jdk15on.jar/org/bouncycastle/asn1/cmc/PKIResponse.class
   JD: libs/bcutil-jdk15on.jar/org/bouncycastle/asn1/cmp/CMPObjectIdentifiers.class
   JD: libs/bcutil-jdk15on.jar/org/bouncycastle/asn1/cmp/KemBMParameter.class
   JD: libs/bcutil-jdk15on.jar/org/bouncycastle/asn1/cmp/KemCiphertextInfo.class
   JD: libs/bcutil-jdk15on.jar/org/bouncycastle/asn1/cmp/KemOtherInfo.class
   JD: libs/bcutil-jdk15on.jar/org/bouncycastle/asn1/cmp/PKIBody.class
   JD: libs/bcutil-jdk15on.jar/org/bouncycastle/asn1/cmp/PKIMessage.class
   JD: libs/bcutil-jdk15on.jar/org/bouncycastle/asn1/cms/CMSObjectIdentifiers.class
   JD: libs/bcutil-jdk15on.jar/org/bouncycastle/asn1/eac/CertificateBody.class
   JD: libs/bcutil-jdk15on.jar/org/bouncycastle/oer/OEROutputStream.class
   JD: libs/bcutil-jdk15on.jar/org/bouncycastle/oer/its/ieee1609dot2/basetypes/EccP256CurvePoint.class
   libs/bcpkix-jdk15on.jar
   libs/bcpkix-jdk15to18.dep.json
   libs/bcprov-jdk15on.jar
   libs/bcprov-jdk15to18.dep.json
   libs/bctls-jdk15on.jar
   libs/bctls-jdk15to18.dep.json
   libs/bcutil-jdk15on.jar
   libs/bcutil-jdk15to18.dep.json
Package: package_1713974465637.awf
Install
Write Revision: 17297
----------------Plugins----------------
   jd/plugins/decrypter/ArchiveOrgCrawler$1.class
   jd/plugins/decrypter/ArchiveOrgCrawler.class
   jd/plugins/decrypter/BoysfoodComCrawler.class
   jd/plugins/decrypter/GenericYetiShareFolder.class
   jd/plugins/decrypter/PornEmbedParser$1.class
   jd/plugins/decrypter/PornEmbedParser.class
   jd/plugins/decrypter/ZDFMediathekDecrypter.class
   jd/plugins/hoster/AnonzipCom.class
   jd/plugins/hoster/BoysfoodCom.class
   jd/plugins/hoster/FileknotIo.class
   jd/plugins/hoster/FilestoreTo.class
   jd/plugins/hoster/PornportalCom.class
   jd/plugins/hoster/SaveTv.class
   jd/plugins/hoster/TransfazeCom.class
----------------Extensions----------------
----------------Direct Files----------------
   build.json
----------------Core Files----------------
Package: package_1713978064451.awf
Install
Write Revision: 17298
----------------Plugins----------------
   jd/plugins/decrypter/BiqleRuCrawler.class
   jd/plugins/decrypter/ImagesHackComCrawler.class
   jd/plugins/hoster/DocdroidNet.class
   jd/plugins/hoster/FilestoreTo.class
   jd/plugins/hoster/HidriveCom.class
----------------Extensions----------------
----------------Direct Files----------------
   build.json
----------------Core Files----------------
Package: package_1714046465981.awf
Install
Write Revision: 17300
----------------Plugins----------------
   jd/plugins/hoster/Offline.class
   jd/plugins/hoster/UpdateRequiredHostPlugin.class
----------------Extensions----------------
----------------Direct Files----------------
   build.json
----------------Core Files----------------
Package: package_1714057266439.awf
Install
Write Revision: 17301
----------------Plugins----------------
   jd/plugins/decrypter/CamwhoresTvCrawler.class
   jd/plugins/hoster/AnypornCom.class
   jd/plugins/hoster/AnysexCom.class
   jd/plugins/hoster/BrighteonCom.class
   jd/plugins/hoster/CamVideosOrg.class
   jd/plugins/hoster/CamwhoresTv.class
   jd/plugins/hoster/CamwhoreshdCom.class
   jd/plugins/hoster/CehennempassPw.class
   jd/plugins/hoster/FapalityCom.class
   jd/plugins/hoster/FrprnCom.class
   jd/plugins/hoster/KernelVideoSharingComV2$1.class
   jd/plugins/hoster/KernelVideoSharingComV2.class
   jd/plugins/hoster/KernelVideoSharingComV2HclipsCom.class
   jd/plugins/hoster/MrdeepfakesCom.class
   jd/plugins/hoster/MulherespeladasvipCom.class
   jd/plugins/hoster/OkXxx.class
   jd/plugins/hoster/PorntrexCom.class
   jd/plugins/hoster/Rule34videoCom.class
   jd/plugins/hoster/Sex3Com.class
   jd/plugins/hoster/SmutrCom.class
   jd/plugins/hoster/ThisvidCom.class
   jd/plugins/hoster/TubewolfCom.class
   jd/plugins/hoster/VeryfreepornCom.class
   jd/plugins/hoster/WebcamsbabeCom.class
   jd/plugins/hoster/XcafeCom.class
   jd/plugins/hoster/XcumCom.class
   jd/plugins/hoster/XfreehdCom.class
   jd/plugins/hoster/XtitsCom.class
   jd/plugins/hoster/XxxTube.class
   jd/plugins/hoster/XxxsexzooCom.class
----------------Extensions----------------
----------------Direct Files----------------
   build.json
----------------Core Files----------------
Package: package_1714060866317.awf
Install
Write Revision: 17302
----------------Plugins----------------
   jd/plugins/hoster/KernelVideoSharingComV2$1.class
   jd/plugins/hoster/KernelVideoSharingComV2.class
   jd/plugins/hoster/SankakucomplexCom.class
----------------Extensions----------------
----------------Direct Files----------------
   build.json
----------------Core Files----------------
